{"numTotalTestSuites":534,"numPassedTestSuites":501,"numFailedTestSuites":33,"numPendingTestSuites":0,"numTotalTests":1519,"numPassedTests":1498,"numFailedTests":21,"numPendingTests":0,"numTodoTests":0,"snapshot":{"added":0,"failure":false,"filesAdded":0,"filesRemoved":0,"filesRemovedList":[],"filesUnmatched":0,"filesUpdated":0,"matched":0,"total":0,"unchecked":0,"uncheckedKeysByFile":[],"unmatched":0,"updated":0,"didUpdate":false},"startTime":1775665417359,"success":false,"testResults":[{"assertionResults":[{"ancestorTitles":["recordCall"],"fullName":"recordCall registra una chiamata con token totale calcolato","status":"passed","title":"registra una chiamata con token totale calcolato","duration":3.621199999999817,"failureMessages":[],"meta":{}},{"ancestorTitles":["recordCall"],"fullName":"recordCall calcola costo con pricing table","status":"passed","title":"calcola costo con pricing table","duration":0.9338000000000193,"failureMessages":[],"meta":{}},{"ancestorTitles":["recordCall"],"fullName":"recordCall registra errori con success=false","status":"passed","title":"registra errori con success=false","duration":1.1053000000001703,"failureMessages":[],"meta":{}},{"ancestorTitles":["recordCall"],"fullName":"recordCall include cache token nel totale","status":"passed","title":"include cache token nel totale","duration":0.7031999999999243,"failureMessages":[],"meta":{}},{"ancestorTitles":["getModelCost / setModelCost"],"fullName":"getModelCost / setModelCost ritorna costo per modello noto","status":"passed","title":"ritorna costo per modello noto","duration":0.5997999999999593,"failureMessages":[],"meta":{}},{"ancestorTitles":["getModelCost / setModelCost"],"fullName":"getModelCost / setModelCost ritorna undefined per modello sconosciuto","status":"passed","title":"ritorna undefined per modello sconosciuto","duration":0.5779999999999745,"failureMessages":[],"meta":{}},{"ancestorTitles":["getModelCost / setModelCost"],"fullName":"getModelCost / setModelCost permette di aggiungere costi custom","status":"passed","title":"permette di aggiungere costi custom","duration":2.8707999999999174,"failureMessages":[],"meta":{}},{"ancestorTitles":["estimateCost"],"fullName":"estimateCost calcola costo per milione di token","status":"passed","title":"calcola costo per milione di token","duration":0.6083000000000993,"failureMessages":[],"meta":{}},{"ancestorTitles":["getSummary"],"fullName":"getSummary aggrega per provider con conteggi corretti","status":"passed","title":"aggrega per provider con conteggi corretti","duration":15.714500000000044,"failureMessages":[],"meta":{}},{"ancestorTitles":["getSummary"],"fullName":"getSummary calcola latenza p95","status":"passed","title":"calcola latenza p95","duration":1.5454999999999472,"failureMessages":[],"meta":{}},{"ancestorTitles":["getSummary"],"fullName":"getSummary filtra per timestamp con parametro since","status":"passed","title":"filtra per timestamp con parametro since","duration":0.5848000000000866,"failureMessages":[],"meta":{}},{"ancestorTitles":["getSummary"],"fullName":"getSummary conta errori nel summary","status":"passed","title":"conta errori nel summary","duration":0.7223000000001321,"failureMessages":[],"meta":{}},{"ancestorTitles":["getEntries / getEntryCount"],"fullName":"getEntries / getEntryCount ritorna tutte le entry registrate","status":"passed","title":"ritorna tutte le entry registrate","duration":0.6789000000001124,"failureMessages":[],"meta":{}},{"ancestorTitles":["formatTokenCount / formatUsd"],"fullName":"formatTokenCount / formatUsd formatta token in k/m","status":"passed","title":"formatta token in k/m","duration":0.5970999999999549,"failureMessages":[],"meta":{}},{"ancestorTitles":["formatTokenCount / formatUsd"],"fullName":"formatTokenCount / formatUsd formatta USD con precisione appropriata","status":"passed","title":"formatta USD con precisione appropriata","duration":0.4093000000000302,"failureMessages":[],"meta":{}}],"startTime":1775665435797,"endTime":1775665435830.4092,"status":"passed","message":"","name":"C:/Users/leone.puglisi/repos/job-hunter-team/tests/js/tasks/analytics-tracker.test.ts"},{"assertionResults":[{"ancestorTitles":["/api/agents"],"fullName":"/api/agents GET ritorna lista agenti con status stopped","status":"passed","title":"GET ritorna lista agenti con status stopped","duration":513.1768999999999,"failureMessages":[],"meta":{}},{"ancestorTitles":["/api/agents"],"fullName":"/api/agents POST senza body ritorna 400","status":"passed","title":"POST senza body ritorna 400","duration":3.676100000000133,"failureMessages":[],"meta":{}},{"ancestorTitles":["/api/agents"],"fullName":"/api/agents POST action invalida ritorna 400","status":"passed","title":"POST action invalida ritorna 400","duration":2.7490000000000236,"failureMessages":[],"meta":{}},{"ancestorTitles":["/api/agents"],"fullName":"/api/agents POST agente sconosciuto ritorna 404","status":"passed","title":"POST agente sconosciuto ritorna 404","duration":2.713600000000042,"failureMessages":[],"meta":{}},{"ancestorTitles":["/api/tasks"],"fullName":"/api/tasks GET ritorna tasks da store","status":"passed","title":"GET ritorna tasks da store","duration":116.85590000000002,"failureMessages":[],"meta":{}},{"ancestorTitles":["/api/tasks"],"fullName":"/api/tasks GET con filtro status=running filtra correttamente","status":"passed","title":"GET con filtro status=running filtra correttamente","duration":2.141099999999824,"failureMessages":[],"meta":{}},{"ancestorTitles":["/api/tasks"],"fullName":"/api/tasks POST crea task e ritorna 201","status":"passed","title":"POST crea task e ritorna 201","duration":3.0870999999997366,"failureMessages":[],"meta":{}},{"ancestorTitles":["/api/tasks"],"fullName":"/api/tasks POST senza task ritorna 400","status":"passed","title":"POST senza task ritorna 400","duration":1.3818999999998596,"failureMessages":[],"meta":{}},{"ancestorTitles":["/api/sessions"],"fullName":"/api/sessions GET ritorna sessioni da store","status":"passed","title":"GET ritorna sessioni da store","duration":136.72820000000002,"failureMessages":[],"meta":{}},{"ancestorTitles":["/api/sessions"],"fullName":"/api/sessions GET con filtro state=ended","status":"passed","title":"GET con filtro state=ended","duration":2.400500000000193,"failureMessages":[],"meta":{}},{"ancestorTitles":["/api/sessions"],"fullName":"/api/sessions POST crea sessione e ritorna 201","status":"passed","title":"POST crea sessione e ritorna 201","duration":2.771099999999933,"failureMessages":[],"meta":{}},{"ancestorTitles":["/api/sessions"],"fullName":"/api/sessions DELETE senza id ritorna 400","status":"passed","title":"DELETE senza id ritorna 400","duration":1.3486000000002605,"failureMessages":[],"meta":{}},{"ancestorTitles":["/api/analytics"],"fullName":"/api/analytics GET ritorna summary con totalCalls","status":"passed","title":"GET ritorna summary con totalCalls","duration":70.47479999999996,"failureMessages":[],"meta":{}},{"ancestorTitles":["/api/analytics"],"fullName":"/api/analytics POST crea entry e ritorna 201","status":"passed","title":"POST crea entry e ritorna 201","duration":1.7455999999997402,"failureMessages":[],"meta":{}},{"ancestorTitles":["/api/analytics"],"fullName":"/api/analytics POST senza campi obbligatori ritorna 400","status":"passed","title":"POST senza campi obbligatori ritorna 400","duration":1.4184000000000196,"failureMessages":[],"meta":{}},{"ancestorTitles":["/api/queue"],"fullName":"/api/queue GET ritorna stato queue con stats","status":"passed","title":"GET ritorna stato queue con stats","duration":182.74530000000004,"failureMessages":[],"meta":{}},{"ancestorTitles":["/api/queue"],"fullName":"/api/queue POST clear-dlq svuota dead letter","status":"passed","title":"POST clear-dlq svuota dead letter","duration":2.071600000000217,"failureMessages":[],"meta":{}},{"ancestorTitles":["/api/queue"],"fullName":"/api/queue POST action invalida ritorna 400","status":"passed","title":"POST action invalida ritorna 400","duration":1.8958000000002357,"failureMessages":[],"meta":{}},{"ancestorTitles":["/api/health"],"fullName":"/api/health GET ritorna 7 modules e status/uptime/version","status":"passed","title":"GET ritorna 7 modules e status/uptime/version","duration":43.20069999999987,"failureMessages":[],"meta":{}},{"ancestorTitles":["/api/health"],"fullName":"/api/health GET con file mancanti ritorna status warn/error","status":"passed","title":"GET con file mancanti ritorna status warn/error","duration":2.5670000000000073,"failureMessages":[],"meta":{}},{"ancestorTitles":["/api/tasks — edge cases"],"fullName":"/api/tasks — edge cases GET store vuoto (ENOENT) ritorna array vuoto","status":"passed","title":"GET store vuoto (ENOENT) ritorna array vuoto","duration":1.5809000000003834,"failureMessages":[],"meta":{}},{"ancestorTitles":["/api/tasks — edge cases"],"fullName":"/api/tasks — edge cases GET filtro active include queued e running","status":"passed","title":"GET filtro active include queued e running","duration":1.627100000000155,"failureMessages":[],"meta":{}}],"startTime":1775665418968,"endTime":1775665420068.6272,"status":"passed","message":"","name":"C:/Users/leone.puglisi/repos/job-hunter-team/tests/js/tasks/api-routes.test.ts"},{"assertionResults":[{"ancestorTitles":["inventario API routes"],"fullName":"inventario API routes almeno 100 file route.ts nel progetto","status":"passed","title":"almeno 100 file route.ts nel progetto","duration":2.593699999999899,"failureMessages":[],"meta":{}},{"ancestorTitles":["smoke GET — route non coperte dai batch 1-4"],"fullName":"smoke GET — route non coperte dai batch 1-4 GET /api/about → risponde senza crash","status":"passed","title":"GET /api/about → risponde senza crash","duration":514.4068000000002,"failureMessages":[],"meta":{}},{"ancestorTitles":["smoke GET — route non coperte dai batch 1-4"],"fullName":"smoke GET — route non coperte dai batch 1-4 GET /api/health → risponde senza crash","status":"passed","title":"GET /api/health → risponde senza crash","duration":1039.6389,"failureMessages":[],"meta":{}},{"ancestorTitles":["smoke GET — route non coperte dai batch 1-4"],"fullName":"smoke GET — route non coperte dai batch 1-4 GET /api/events → risponde senza crash","status":"passed","title":"GET /api/events → risponde senza crash","duration":35.30570000000034,"failureMessages":[],"meta":{}},{"ancestorTitles":["smoke GET — route non coperte dai batch 1-4"],"fullName":"smoke GET — route non coperte dai batch 1-4 GET /api/export → risponde senza crash","status":"passed","title":"GET /api/export → risponde senza crash","duration":8.74980000000005,"failureMessages":[],"meta":{}},{"ancestorTitles":["smoke GET — route non coperte dai batch 1-4"],"fullName":"smoke GET — route non coperte dai batch 1-4 GET /api/logs → risponde senza crash","status":"passed","title":"GET /api/logs → risponde senza crash","duration":54.32409999999982,"failureMessages":[],"meta":{}},{"ancestorTitles":["smoke GET — route non coperte dai batch 1-4"],"fullName":"smoke GET — route non coperte dai batch 1-4 GET /api/providers → risponde senza crash","status":"passed","title":"GET /api/providers → risponde senza crash","duration":37.50489999999991,"failureMessages":[],"meta":{}},{"ancestorTitles":["smoke GET — route non coperte dai batch 1-4"],"fullName":"smoke GET — route non coperte dai batch 1-4 GET /api/rate-limiter → risponde senza crash","status":"passed","title":"GET /api/rate-limiter → risponde senza crash","duration":33.95159999999942,"failureMessages":[],"meta":{}},{"ancestorTitles":["smoke GET — route non coperte dai batch 1-4"],"fullName":"smoke GET — route non coperte dai batch 1-4 GET /api/errors → risponde senza crash","status":"passed","title":"GET /api/errors → risponde senza crash","duration":13.361899999999878,"failureMessages":[],"meta":{}},{"ancestorTitles":["smoke GET — route non coperte dai batch 1-4"],"fullName":"smoke GET — route non coperte dai batch 1-4 GET /api/performance → risponde senza crash","status":"passed","title":"GET /api/performance → risponde senza crash","duration":10.490299999999479,"failureMessages":[],"meta":{}},{"ancestorTitles":["smoke GET — route non coperte dai batch 1-4"],"fullName":"smoke GET — route non coperte dai batch 1-4 GET /api/config → risponde senza crash","status":"passed","title":"GET /api/config → risponde senza crash","duration":43.384000000000015,"failureMessages":[],"meta":{}},{"ancestorTitles":["smoke GET — route non coperte dai batch 1-4"],"fullName":"smoke GET — route non coperte dai batch 1-4 GET /api/i18n → risponde senza crash","status":"passed","title":"GET /api/i18n → risponde senza crash","duration":68.39009999999962,"failureMessages":[],"meta":{}},{"ancestorTitles":["smoke GET — route non coperte dai batch 1-4"],"fullName":"smoke GET — route non coperte dai batch 1-4 GET /api/memory → risponde senza crash","status":"passed","title":"GET /api/memory → risponde senza crash","duration":45.63590000000022,"failureMessages":[],"meta":{}},{"ancestorTitles":["smoke GET — route non coperte dai batch 1-4"],"fullName":"smoke GET — route non coperte dai batch 1-4 GET /api/plugins → risponde senza crash","status":"passed","title":"GET /api/plugins → risponde senza crash","duration":37.9350000000004,"failureMessages":[],"meta":{}},{"ancestorTitles":["smoke GET — route non coperte dai batch 1-4"],"fullName":"smoke GET — route non coperte dai batch 1-4 GET /api/templates → risponde senza crash","status":"passed","title":"GET /api/templates → risponde senza crash","duration":45.74250000000029,"failureMessages":[],"meta":{}},{"ancestorTitles":["smoke GET — route non coperte dai batch 1-4"],"fullName":"smoke GET — route non coperte dai batch 1-4 GET /api/tools → risponde senza crash","status":"passed","title":"GET /api/tools → risponde senza crash","duration":44.52359999999953,"failureMessages":[],"meta":{}},{"ancestorTitles":["smoke GET — route non coperte dai batch 1-4"],"fullName":"smoke GET — route non coperte dai batch 1-4 GET /api/notifications → risponde senza crash","status":"passed","title":"GET /api/notifications → risponde senza crash","duration":51.72269999999935,"failureMessages":[],"meta":{}},{"ancestorTitles":["smoke GET — route non coperte dai batch 1-4"],"fullName":"smoke GET — route non coperte dai batch 1-4 GET /api/migrations → risponde senza crash","status":"passed","title":"GET /api/migrations → risponde senza crash","duration":44.61610000000019,"failureMessages":[],"meta":{}},{"ancestorTitles":["smoke GET — route non coperte dai batch 1-4"],"fullName":"smoke GET — route non coperte dai batch 1-4 GET /api/sessions → risponde senza crash","status":"passed","title":"GET /api/sessions → risponde senza crash","duration":11.274599999999737,"failureMessages":[],"meta":{}},{"ancestorTitles":["smoke GET — route non coperte dai batch 1-4"],"fullName":"smoke GET — route non coperte dai batch 1-4 GET /api/tasks → risponde senza crash","status":"passed","title":"GET /api/tasks → risponde senza crash","duration":17.61699999999928,"failureMessages":[],"meta":{}},{"ancestorTitles":["smoke GET — route non coperte dai batch 1-4"],"fullName":"smoke GET — route non coperte dai batch 1-4 GET /api/cron → risponde senza crash","status":"passed","title":"GET /api/cron → risponde senza crash","duration":44.8126000000002,"failureMessages":[],"meta":{}},{"ancestorTitles":["smoke GET — route non coperte dai batch 1-4"],"fullName":"smoke GET — route non coperte dai batch 1-4 GET /api/agents → risponde senza crash","status":"passed","title":"GET /api/agents → risponde senza crash","duration":765.8046999999997,"failureMessages":[],"meta":{}},{"ancestorTitles":["smoke GET — route non coperte dai batch 1-4"],"fullName":"smoke GET — route non coperte dai batch 1-4 GET /api/analytics → risponde senza crash","status":"passed","title":"GET /api/analytics → risponde senza crash","duration":18.233100000000377,"failureMessages":[],"meta":{}},{"ancestorTitles":["smoke GET — route non coperte dai batch 1-4"],"fullName":"smoke GET — route non coperte dai batch 1-4 GET /api/queue → risponde senza crash","status":"passed","title":"GET /api/queue → risponde senza crash","duration":12.906299999999646,"failureMessages":[],"meta":{}},{"ancestorTitles":["smoke GET — route non coperte dai batch 1-4"],"fullName":"smoke GET — route non coperte dai batch 1-4 GET /api/retry → risponde senza crash","status":"passed","title":"GET /api/retry → risponde senza crash","duration":33.28790000000026,"failureMessages":[],"meta":{}},{"ancestorTitles":["smoke GET — route non coperte dai batch 1-4"],"fullName":"smoke GET — route non coperte dai batch 1-4 GET /api/onboarding → risponde senza crash","status":"passed","title":"GET /api/onboarding → risponde senza crash","duration":12.084799999999632,"failureMessages":[],"meta":{}},{"ancestorTitles":["smoke GET — route non coperte dai batch 1-4"],"fullName":"smoke GET — route non coperte dai batch 1-4 GET /api/preferences → risponde senza crash","status":"passed","title":"GET /api/preferences → risponde senza crash","duration":61.34950000000026,"failureMessages":[],"meta":{}},{"ancestorTitles":["smoke GET — route non coperte dai batch 1-4"],"fullName":"smoke GET — route non coperte dai batch 1-4 GET /api/channels → risponde senza crash","status":"passed","title":"GET /api/channels → risponde senza crash","duration":63.80489999999918,"failureMessages":[],"meta":{}},{"ancestorTitles":["smoke GET — route non coperte dai batch 1-4"],"fullName":"smoke GET — route non coperte dai batch 1-4 GET /api/telegram → risponde senza crash","status":"passed","title":"GET /api/telegram → risponde senza crash","duration":51.356300000000374,"failureMessages":[],"meta":{}},{"ancestorTitles":["copertura complessiva"],"fullName":"copertura complessiva batch 1-4 + smoke = almeno 55 route GET testate","status":"passed","title":"batch 1-4 + smoke = almeno 55 route GET testate","duration":0.5505000000002838,"failureMessages":[],"meta":{}}],"startTime":1775665439246,"endTime":1775665442473.5505,"status":"passed","message":"","name":"C:/Users/leone.puglisi/repos/job-hunter-team/tests/js/tasks/api-smoke.test.ts"},{"assertionResults":[{"ancestorTitles":["classifyIntent — varianti e edge cases"],"fullName":"classifyIntent — varianti e edge cases 'cerco lavoro' riconosciuto come job_search","status":"passed","title":"'cerco lavoro' riconosciuto come job_search","duration":3.392599999999902,"failureMessages":[],"meta":{}},{"ancestorTitles":["classifyIntent — varianti e edge cases"],"fullName":"classifyIntent — varianti e edge cases 'posizioni aperte' riconosciuto come job_search","status":"passed","title":"'posizioni aperte' riconosciuto come job_search","duration":1.4798000000000684,"failureMessages":[],"meta":{}},{"ancestorTitles":["classifyIntent — varianti e edge cases"],"fullName":"classifyIntent — varianti e edge cases 'aggiornamento' riconosciuto come status_check","status":"passed","title":"'aggiornamento' riconosciuto come status_check","duration":1.1535000000001219,"failureMessages":[],"meta":{}},{"ancestorTitles":["classifyIntent — varianti e edge cases"],"fullName":"classifyIntent — varianti e edge cases 'application' riconosciuto come list_applications","status":"passed","title":"'application' riconosciuto come list_applications","duration":0.8908000000001266,"failureMessages":[],"meta":{}},{"ancestorTitles":["classifyIntent — varianti e edge cases"],"fullName":"classifyIntent — varianti e edge cases 'modifica il mio cv' riconosciuto come update_profile","status":"passed","title":"'modifica il mio cv' riconosciuto come update_profile","duration":1.4079999999999018,"failureMessages":[],"meta":{}},{"ancestorTitles":["classifyIntent — varianti e edge cases"],"fullName":"classifyIntent — varianti e edge cases estrae location da 'lavoro a Milano'","status":"passed","title":"estrae location da 'lavoro a Milano'","duration":0.48949999999990723,"failureMessages":[],"meta":{}},{"ancestorTitles":["classifyIntent — varianti e edge cases"],"fullName":"classifyIntent — varianti e edge cases rileva 'smart working' come remote","status":"passed","title":"rileva 'smart working' come remote","duration":0.40140000000019427,"failureMessages":[],"meta":{}},{"ancestorTitles":["classifyIntent — varianti e edge cases"],"fullName":"classifyIntent — varianti e edge cases trims whitespace prima della classificazione","status":"passed","title":"trims whitespace prima della classificazione","duration":0.39869999999996253,"failureMessages":[],"meta":{}},{"ancestorTitles":["classifyIntent — varianti e edge cases"],"fullName":"classifyIntent — varianti e edge cases testo vuoto ritorna unknown","status":"passed","title":"testo vuoto ritorna unknown","duration":1.059099999999944,"failureMessages":[],"meta":{}},{"ancestorTitles":["getIntentAck — fallback"],"fullName":"getIntentAck — fallback intent con kind sconosciuto usa messaggio unknown","status":"passed","title":"intent con kind sconosciuto usa messaggio unknown","duration":0.3795000000000073,"failureMessages":[],"meta":{}},{"ancestorTitles":["isOwner — edge cases"],"fullName":"isOwner — edge cases ritorna false con chat undefined","status":"passed","title":"ritorna false con chat undefined","duration":0.5395000000000891,"failureMessages":[],"meta":{}},{"ancestorTitles":["DEFAULT_ASSISTANT_CONFIG"],"fullName":"DEFAULT_ASSISTANT_CONFIG contiene valori default attesi","status":"passed","title":"contiene valori default attesi","duration":0.3672999999998865,"failureMessages":[],"meta":{}},{"ancestorTitles":["TeamBridge — edge cases avanzati"],"fullName":"TeamBridge — edge cases avanzati receiveResponse doppio sullo stesso id ritorna false","status":"passed","title":"receiveResponse doppio sullo stesso id ritorna false","duration":1.4747999999999593,"failureMessages":[],"meta":{}},{"ancestorTitles":["TeamBridge — edge cases avanzati"],"fullName":"TeamBridge — edge cases avanzati dispatch multipli tracciati con pending e total corretti","status":"passed","title":"dispatch multipli tracciati con pending e total corretti","duration":2.167500000000018,"failureMessages":[],"meta":{}},{"ancestorTitles":["TeamBridge — edge cases avanzati"],"fullName":"TeamBridge — edge cases avanzati event handler che lancia errore non blocca altri handler","status":"passed","title":"event handler che lancia errore non blocca altri handler","duration":1.2201000000000022,"failureMessages":[],"meta":{}},{"ancestorTitles":["TeamBridge — edge cases avanzati"],"fullName":"TeamBridge — edge cases avanzati config merges con defaults (name, avatar)","status":"passed","title":"config merges con defaults (name, avatar)","duration":0.36389999999983047,"failureMessages":[],"meta":{}},{"ancestorTitles":["TeamBridge — edge cases avanzati"],"fullName":"TeamBridge — edge cases avanzati dispatch job_search invia messaggio tmux al capitano","status":"passed","title":"dispatch job_search invia messaggio tmux al capitano","duration":1.4140999999999622,"failureMessages":[],"meta":{}},{"ancestorTitles":["TeamBridge — edge cases avanzati"],"fullName":"TeamBridge — edge cases avanzati dispatch update_profile include descrizione nel messaggio tmux","status":"passed","title":"dispatch update_profile include descrizione nel messaggio tmux","duration":0.9673000000000229,"failureMessages":[],"meta":{}}],"startTime":1775665432604,"endTime":1775665432624.9673,"status":"passed","message":"","name":"C:/Users/leone.puglisi/repos/job-hunter-team/tests/js/tasks/assistant.test.ts"},{"assertionResults":[{"ancestorTitles":["DEFAULT_BACKUP_CONFIG"],"fullName":"DEFAULT_BACKUP_CONFIG contiene retention defaults e compress=true","status":"passed","title":"contiene retention defaults e compress=true","duration":4.032500000000027,"failureMessages":[],"meta":{}},{"ancestorTitles":["listBackups"],"fullName":"listBackups ritorna lista vuota se catalogo mancante","status":"passed","title":"ritorna lista vuota se catalogo mancante","duration":122.38850000000002,"failureMessages":[],"meta":{}},{"ancestorTitles":["listBackups"],"fullName":"listBackups ritorna entries ordinate per createdAt desc","status":"passed","title":"ritorna entries ordinate per createdAt desc","duration":1.7295999999998912,"failureMessages":[],"meta":{}},{"ancestorTitles":["createBackup"],"fullName":"createBackup nessuna sorgente esistente ritorna ok=false","status":"passed","title":"nessuna sorgente esistente ritorna ok=false","duration":1.7243000000000848,"failureMessages":[],"meta":{}},{"ancestorTitles":["createBackup"],"fullName":"createBackup crea backup compresso con tar czf e aggiorna catalogo","status":"passed","title":"crea backup compresso con tar czf e aggiorna catalogo","duration":7.85329999999999,"failureMessages":[],"meta":{}},{"ancestorTitles":["createBackup"],"fullName":"createBackup crea backup non compresso con tar cf","status":"passed","title":"crea backup non compresso con tar cf","duration":1.8050999999998112,"failureMessages":[],"meta":{}},{"ancestorTitles":["createBackup"],"fullName":"createBackup errore durante tar ritorna ok=false con messaggio","status":"passed","title":"errore durante tar ritorna ok=false con messaggio","duration":1.5244000000000142,"failureMessages":[],"meta":{}},{"ancestorTitles":["createBackup"],"fullName":"createBackup backup include durationMs positivo","status":"passed","title":"backup include durationMs positivo","duration":1.7756000000001677,"failureMessages":[],"meta":{}},{"ancestorTitles":["restoreBackup"],"fullName":"restoreBackup backup non trovato in catalogo ritorna ok=false","status":"passed","title":"backup non trovato in catalogo ritorna ok=false","duration":1.5115000000000691,"failureMessages":[],"meta":{}},{"ancestorTitles":["restoreBackup"],"fullName":"restoreBackup archivio mancante su disco ritorna ok=false","status":"passed","title":"archivio mancante su disco ritorna ok=false","duration":1.603800000000092,"failureMessages":[],"meta":{}},{"ancestorTitles":["restoreBackup"],"fullName":"restoreBackup restore compresso usa tar xzf e ritorna restoredFiles","status":"passed","title":"restore compresso usa tar xzf e ritorna restoredFiles","duration":3.0832000000000335,"failureMessages":[],"meta":{}},{"ancestorTitles":["restoreBackup"],"fullName":"restoreBackup restore include durationMs","status":"passed","title":"restore include durationMs","duration":1.073799999999892,"failureMessages":[],"meta":{}},{"ancestorTitles":["applyRetention"],"fullName":"applyRetention catalogo vuoto ritorna 0 rimossi","status":"passed","title":"catalogo vuoto ritorna 0 rimossi","duration":1.8321999999998297,"failureMessages":[],"meta":{}},{"ancestorTitles":["applyRetention"],"fullName":"applyRetention maxCount rimuove backup in eccesso (i più vecchi)","status":"passed","title":"maxCount rimuove backup in eccesso (i più vecchi)","duration":1.215199999999868,"failureMessages":[],"meta":{}},{"ancestorTitles":["applyRetention"],"fullName":"applyRetention maxAgeDays rimuove backup oltre la soglia","status":"passed","title":"maxAgeDays rimuove backup oltre la soglia","duration":0.8238999999998668,"failureMessages":[],"meta":{}}],"startTime":1775665419285,"endTime":1775665419440.824,"status":"passed","message":"","name":"C:/Users/leone.puglisi/repos/job-hunter-team/tests/js/tasks/backup.test.ts"},{"assertionResults":[{"ancestorTitles":["barrel count regressione — minimo export per modulo"],"fullName":"barrel count regressione — minimo export per modulo scheduler: ≥8 export","status":"passed","title":"scheduler: ≥8 export","duration":2.9855999999999767,"failureMessages":[],"meta":{}},{"ancestorTitles":["barrel count regressione — minimo export per modulo"],"fullName":"barrel count regressione — minimo export per modulo monitoring: ≥6 export","status":"passed","title":"monitoring: ≥6 export","duration":0.5388000000002648,"failureMessages":[],"meta":{}},{"ancestorTitles":["barrel count regressione — minimo export per modulo"],"fullName":"barrel count regressione — minimo export per modulo i18n: ≥8 export","status":"passed","title":"i18n: ≥8 export","duration":0.3554999999996653,"failureMessages":[],"meta":{}},{"ancestorTitles":["barrel count regressione — minimo export per modulo"],"fullName":"barrel count regressione — minimo export per modulo backup: ≥5 export","status":"passed","title":"backup: ≥5 export","duration":0.22220000000015716,"failureMessages":[],"meta":{}},{"ancestorTitles":["barrel count regressione — minimo export per modulo"],"fullName":"barrel count regressione — minimo export per modulo validators: ≥8 export","status":"passed","title":"validators: ≥8 export","duration":0.43950000000040745,"failureMessages":[],"meta":{}},{"ancestorTitles":["barrel count regressione — minimo export per modulo"],"fullName":"barrel count regressione — minimo export per modulo context-engine: ≥4 export","status":"passed","title":"context-engine: ≥4 export","duration":0.32110000000011496,"failureMessages":[],"meta":{}},{"ancestorTitles":["barrel count regressione — minimo export per modulo"],"fullName":"barrel count regressione — minimo export per modulo hooks: ≥4 export","status":"passed","title":"hooks: ≥4 export","duration":0.21420000000034634,"failureMessages":[],"meta":{}},{"ancestorTitles":["barrel count regressione — minimo export per modulo"],"fullName":"barrel count regressione — minimo export per modulo cache: ≥2 export","status":"passed","title":"cache: ≥2 export","duration":0.19309999999995853,"failureMessages":[],"meta":{}},{"ancestorTitles":["barrel count regressione — minimo export per modulo"],"fullName":"barrel count regressione — minimo export per modulo events: ≥3 export","status":"passed","title":"events: ≥3 export","duration":0.40269999999964057,"failureMessages":[],"meta":{}},{"ancestorTitles":["barrel count regressione — minimo export per modulo"],"fullName":"barrel count regressione — minimo export per modulo notifications: ≥3 export","status":"passed","title":"notifications: ≥3 export","duration":0.29179999999996653,"failureMessages":[],"meta":{}},{"ancestorTitles":["DEFAULT_*_CONFIG shape — chiavi specifiche non regredite"],"fullName":"DEFAULT_*_CONFIG shape — chiavi specifiche non regredite BACKUP: backupDir, sources, retention{maxCount,maxAgeDays}, compress","status":"passed","title":"BACKUP: backupDir, sources, retention{maxCount,maxAgeDays}, compress","duration":1.7987000000002809,"failureMessages":[],"meta":{}},{"ancestorTitles":["DEFAULT_*_CONFIG shape — chiavi specifiche non regredite"],"fullName":"DEFAULT_*_CONFIG shape — chiavi specifiche non regredite SCHEDULER: concurrency=3, defaultTimeoutMs=60000","status":"passed","title":"SCHEDULER: concurrency=3, defaultTimeoutMs=60000","duration":0.5032999999998538,"failureMessages":[],"meta":{}},{"ancestorTitles":["DEFAULT_*_CONFIG shape — chiavi specifiche non regredite"],"fullName":"DEFAULT_*_CONFIG shape — chiavi specifiche non regredite I18N: locale=it, fallbackLocale=en, dictionaries con it/en","status":"passed","title":"I18N: locale=it, fallbackLocale=en, dictionaries con it/en","duration":0.7083999999999833,"failureMessages":[],"meta":{}},{"ancestorTitles":["DEFAULT_*_CONFIG shape — chiavi specifiche non regredite"],"fullName":"DEFAULT_*_CONFIG shape — chiavi specifiche non regredite MONITOR: heartbeatStaleMs, heartbeatDeadMs, metricsHistorySize >0","status":"passed","title":"MONITOR: heartbeatStaleMs, heartbeatDeadMs, metricsHistorySize >0","duration":0.645600000000286,"failureMessages":[],"meta":{}},{"ancestorTitles":["function export typeof — firme non regredite"],"fullName":"function export typeof — firme non regredite scheduler: 8 funzioni chiave","status":"passed","title":"scheduler: 8 funzioni chiave","duration":0.9137999999998101,"failureMessages":[],"meta":{}},{"ancestorTitles":["function export typeof — firme non regredite"],"fullName":"function export typeof — firme non regredite monitoring: collectMetrics, registerHeartbeat, defineThreshold, checkThresholds","status":"passed","title":"monitoring: collectMetrics, registerHeartbeat, defineThreshold, checkThresholds","duration":0.4744999999998072,"failureMessages":[],"meta":{}},{"ancestorTitles":["function export typeof — firme non regredite"],"fullName":"function export typeof — firme non regredite backup: createBackup, restoreBackup, listBackups, applyRetention","status":"passed","title":"backup: createBackup, restoreBackup, listBackups, applyRetention","duration":0.4511999999999716,"failureMessages":[],"meta":{}},{"ancestorTitles":["function export typeof — firme non regredite"],"fullName":"function export typeof — firme non regredite validators: validate, validateOrThrow, nonEmptyString, emailSchema","status":"passed","title":"validators: validate, validateOrThrow, nonEmptyString, emailSchema","duration":0.435399999999845,"failureMessages":[],"meta":{}},{"ancestorTitles":["types → barrel re-export — moduli recenti"],"fullName":"types → barrel re-export — moduli recenti scheduler barrel ri-esporta tutti i runtime di types.ts","status":"passed","title":"scheduler barrel ri-esporta tutti i runtime di types.ts","duration":0.3690000000001419,"failureMessages":[],"meta":{}},{"ancestorTitles":["types → barrel re-export — moduli recenti"],"fullName":"types → barrel re-export — moduli recenti monitoring barrel ri-esporta tutti i runtime di types.ts","status":"passed","title":"monitoring barrel ri-esporta tutti i runtime di types.ts","duration":0.5159000000003289,"failureMessages":[],"meta":{}},{"ancestorTitles":["integrità complessiva — 27 moduli senza circular deps"],"fullName":"integrità complessiva — 27 moduli senza circular deps tutti i 27 barrel caricati eager, nessuno undefined","status":"passed","title":"tutti i 27 barrel caricati eager, nessuno undefined","duration":2.7968000000000757,"failureMessages":[],"meta":{}}],"startTime":1775665437059,"endTime":1775665437076.7969,"status":"passed","message":"","name":"C:/Users/leone.puglisi/repos/job-hunter-team/tests/js/tasks/barrel-regression.test.ts"},{"assertionResults":[{"ancestorTitles":["LRUCache — operazioni base"],"fullName":"LRUCache — operazioni base set + get memorizza e recupera valore","status":"passed","title":"set + get memorizza e recupera valore","duration":2.93529999999987,"failureMessages":[],"meta":{}},{"ancestorTitles":["LRUCache — operazioni base"],"fullName":"LRUCache — operazioni base get ritorna undefined per chiave inesistente","status":"passed","title":"get ritorna undefined per chiave inesistente","duration":0.7089999999998327,"failureMessages":[],"meta":{}},{"ancestorTitles":["LRUCache — operazioni base"],"fullName":"LRUCache — operazioni base has ritorna true/false correttamente","status":"passed","title":"has ritorna true/false correttamente","duration":0.4782000000000153,"failureMessages":[],"meta":{}},{"ancestorTitles":["LRUCache — operazioni base"],"fullName":"LRUCache — operazioni base delete rimuove entry","status":"passed","title":"delete rimuove entry","duration":0.557399999999916,"failureMessages":[],"meta":{}},{"ancestorTitles":["LRUCache — operazioni base"],"fullName":"LRUCache — operazioni base size traccia conteggio entry","status":"passed","title":"size traccia conteggio entry","duration":0.6326000000001386,"failureMessages":[],"meta":{}},{"ancestorTitles":["LRUCache — operazioni base"],"fullName":"LRUCache — operazioni base keys ritorna tutte le chiavi","status":"passed","title":"keys ritorna tutte le chiavi","duration":2.3601999999998498,"failureMessages":[],"meta":{}},{"ancestorTitles":["LRUCache — operazioni base"],"fullName":"LRUCache — operazioni base clear svuota tutta la cache","status":"passed","title":"clear svuota tutta la cache","duration":0.5078999999998359,"failureMessages":[],"meta":{}},{"ancestorTitles":["LRUCache — operazioni base"],"fullName":"LRUCache — operazioni base set sovrascrive valore esistente","status":"passed","title":"set sovrascrive valore esistente","duration":0.3853999999998905,"failureMessages":[],"meta":{}},{"ancestorTitles":["LRUCache — TTL scadenza"],"fullName":"LRUCache — TTL scadenza entry scade dopo defaultTTL","status":"passed","title":"entry scade dopo defaultTTL","duration":3.4647999999999683,"failureMessages":[],"meta":{}},{"ancestorTitles":["LRUCache — TTL scadenza"],"fullName":"LRUCache — TTL scadenza TTL custom per singola entry sovrascrive default","status":"passed","title":"TTL custom per singola entry sovrascrive default","duration":1.0183000000001812,"failureMessages":[],"meta":{}},{"ancestorTitles":["LRUCache — TTL scadenza"],"fullName":"LRUCache — TTL scadenza TTL 0 significa nessuna scadenza","status":"passed","title":"TTL 0 significa nessuna scadenza","duration":0.7167999999999211,"failureMessages":[],"meta":{}},{"ancestorTitles":["LRUCache — TTL scadenza"],"fullName":"LRUCache — TTL scadenza has ritorna false per entry scaduta","status":"passed","title":"has ritorna false per entry scaduta","duration":0.5770999999999731,"failureMessages":[],"meta":{}},{"ancestorTitles":["LRUCache — TTL scadenza"],"fullName":"LRUCache — TTL scadenza purgeExpired rimuove tutte le entry scadute","status":"passed","title":"purgeExpired rimuove tutte le entry scadute","duration":0.7280000000000655,"failureMessages":[],"meta":{}},{"ancestorTitles":["LRUCache — LRU eviction"],"fullName":"LRUCache — LRU eviction evict LRU quando maxEntries raggiunto","status":"passed","title":"evict LRU quando maxEntries raggiunto","duration":0.4239000000000033,"failureMessages":[],"meta":{}},{"ancestorTitles":["LRUCache — LRU eviction"],"fullName":"LRUCache — LRU eviction get promuove entry a piu' recente (evita eviction)","status":"passed","title":"get promuove entry a piu' recente (evita eviction)","duration":0.4718000000000302,"failureMessages":[],"meta":{}},{"ancestorTitles":["LRUCache — LRU eviction"],"fullName":"LRUCache — LRU eviction set su chiave esistente la promuove","status":"passed","title":"set su chiave esistente la promuove","duration":0.3512000000000626,"failureMessages":[],"meta":{}},{"ancestorTitles":["LRUCache — invalidazione"],"fullName":"LRUCache — invalidazione invalidateByPrefix rimuove chiavi con prefisso","status":"passed","title":"invalidateByPrefix rimuove chiavi con prefisso","duration":0.43489999999997053,"failureMessages":[],"meta":{}},{"ancestorTitles":["LRUCache — invalidazione"],"fullName":"LRUCache — invalidazione invalidateByPattern rimuove chiavi che matchano regex","status":"passed","title":"invalidateByPattern rimuove chiavi che matchano regex","duration":0.551300000000083,"failureMessages":[],"meta":{}},{"ancestorTitles":["LRUCache — invalidazione"],"fullName":"LRUCache — invalidazione invalidateByPrefix ritorna 0 se nessun match","status":"passed","title":"invalidateByPrefix ritorna 0 se nessun match","duration":0.24749999999994543,"failureMessages":[],"meta":{}},{"ancestorTitles":["LRUCache — invalidazione"],"fullName":"LRUCache — invalidazione invalidateByPattern ritorna 0 se nessun match","status":"passed","title":"invalidateByPattern ritorna 0 se nessun match","duration":0.2907999999999902,"failureMessages":[],"meta":{}},{"ancestorTitles":["LRUCache — stats e callback"],"fullName":"LRUCache — stats e callback stats traccia hits, misses, hitRate","status":"passed","title":"stats traccia hits, misses, hitRate","duration":0.569400000000087,"failureMessages":[],"meta":{}},{"ancestorTitles":["LRUCache — stats e callback"],"fullName":"LRUCache — stats e callback evictions conteggiate nelle stats","status":"passed","title":"evictions conteggiate nelle stats","duration":0.2700999999999567,"failureMessages":[],"meta":{}},{"ancestorTitles":["LRUCache — stats e callback"],"fullName":"LRUCache — stats e callback resetStats azzera contatori","status":"passed","title":"resetStats azzera contatori","duration":0.2944999999999709,"failureMessages":[],"meta":{}},{"ancestorTitles":["LRUCache — stats e callback"],"fullName":"LRUCache — stats e callback onEvict callback invocata con reason corretta","status":"passed","title":"onEvict callback invocata con reason corretta","duration":1.3649000000000342,"failureMessages":[],"meta":{}},{"ancestorTitles":["LRUCache — stats e callback"],"fullName":"LRUCache — stats e callback set con size option memorizza dimensione","status":"passed","title":"set con size option memorizza dimensione","duration":0.3593999999998232,"failureMessages":[],"meta":{}}],"startTime":1775665422462,"endTime":1775665422485.3594,"status":"passed","message":"","name":"C:/Users/leone.puglisi/repos/job-hunter-team/tests/js/tasks/cache-lru.test.ts"},{"assertionResults":[{"ancestorTitles":["Channel helpers — edge cases"],"fullName":"Channel helpers — edge cases createMessageId contiene timestamp numerico","status":"passed","title":"createMessageId contiene timestamp numerico","duration":6.501899999999978,"failureMessages":[],"meta":{}},{"ancestorTitles":["Channel helpers — edge cases"],"fullName":"Channel helpers — edge cases buildInboundMessage imposta direction inbound per qualsiasi canale","status":"passed","title":"buildInboundMessage imposta direction inbound per qualsiasi canale","duration":1.0641000000000531,"failureMessages":[],"meta":{}},{"ancestorTitles":["Channel helpers — edge cases"],"fullName":"Channel helpers — edge cases buildOutboundMessage preserva recipient opzionale","status":"passed","title":"buildOutboundMessage preserva recipient opzionale","duration":0.4886999999998807,"failureMessages":[],"meta":{}},{"ancestorTitles":["ChannelRegistry — edge cases avanzati"],"fullName":"ChannelRegistry — edge cases avanzati register sovrascrive canale esistente","status":"passed","title":"register sovrascrive canale esistente","duration":1.1352999999999156,"failureMessages":[],"meta":{}},{"ancestorTitles":["ChannelRegistry — edge cases avanzati"],"fullName":"ChannelRegistry — edge cases avanzati sendTo a canale non registrato ritorna null","status":"passed","title":"sendTo a canale non registrato ritorna null","duration":0.4983999999999469,"failureMessages":[],"meta":{}},{"ancestorTitles":["ChannelRegistry — edge cases avanzati"],"fullName":"ChannelRegistry — edge cases avanzati broadcast ignora errori di singoli canali","status":"passed","title":"broadcast ignora errori di singoli canali","duration":1.5177000000001044,"failureMessages":[],"meta":{}},{"ancestorTitles":["ChannelRegistry — edge cases avanzati"],"fullName":"ChannelRegistry — edge cases avanzati onAnyMessage riceve da tutti i canali registrati","status":"passed","title":"onAnyMessage riceve da tutti i canali registrati","duration":2.410799999999881,"failureMessages":[],"meta":{}},{"ancestorTitles":["ChannelRegistry — edge cases avanzati"],"fullName":"ChannelRegistry — edge cases avanzati onAnyMessage unsubscribe rimuove handler","status":"passed","title":"onAnyMessage unsubscribe rimuove handler","duration":1.6929000000000087,"failureMessages":[],"meta":{}},{"ancestorTitles":["ChannelRegistry — edge cases avanzati"],"fullName":"ChannelRegistry — edge cases avanzati getDefaultRegistry singleton persiste tra chiamate","status":"passed","title":"getDefaultRegistry singleton persiste tra chiamate","duration":1.0463000000002012,"failureMessages":[],"meta":{}},{"ancestorTitles":["ChannelRegistry — edge cases avanzati"],"fullName":"ChannelRegistry — edge cases avanzati connectAll report contiene tutti i canali","status":"passed","title":"connectAll report contiene tutti i canali","duration":1.6084000000000742,"failureMessages":[],"meta":{}},{"ancestorTitles":["WebChannel — dispatch avanzato"],"fullName":"WebChannel — dispatch avanzato drainOutbound con clear=false non svuota","status":"passed","title":"drainOutbound con clear=false non svuota","duration":0.9686000000001513,"failureMessages":[],"meta":{}},{"ancestorTitles":["WebChannel — dispatch avanzato"],"fullName":"WebChannel — dispatch avanzato handler multipli ricevono tutti lo stesso messaggio","status":"passed","title":"handler multipli ricevono tutti lo stesso messaggio","duration":0.5670999999999822,"failureMessages":[],"meta":{}},{"ancestorTitles":["WebChannel — dispatch avanzato"],"fullName":"WebChannel — dispatch avanzato disconnect svuota handlers e coda","status":"passed","title":"disconnect svuota handlers e coda","duration":0.5484999999998763,"failureMessages":[],"meta":{}},{"ancestorTitles":["TelegramChannel — dispatch avanzato"],"fullName":"TelegramChannel — dispatch avanzato receiveFromBot propaga meta chatId e messageId","status":"passed","title":"receiveFromBot propaga meta chatId e messageId","duration":0.5498000000000047,"failureMessages":[],"meta":{}},{"ancestorTitles":["TelegramChannel — dispatch avanzato"],"fullName":"TelegramChannel — dispatch avanzato handler multipli su telegram ricevono tutti","status":"passed","title":"handler multipli su telegram ricevono tutti","duration":0.6777999999999338,"failureMessages":[],"meta":{}}],"startTime":1775665425832,"endTime":1775665425854.6777,"status":"passed","message":"","name":"C:/Users/leone.puglisi/repos/job-hunter-team/tests/js/tasks/channels.test.ts"},{"assertionResults":[{"ancestorTitles":["CLI — versione e help"],"fullName":"CLI — versione e help --version mostra la versione del package CLI","status":"passed","title":"--version mostra la versione del package CLI","duration":1189.9174,"failureMessages":[],"meta":{}},{"ancestorTitles":["CLI — versione e help"],"fullName":"CLI — versione e help --help mostra comandi principali","status":"passed","title":"--help mostra comandi principali","duration":1221.0935999999997,"failureMessages":[],"meta":{}},{"ancestorTitles":["CLI — status"],"fullName":"CLI — status jht status mostra stato sistema senza crash","status":"passed","title":"jht status mostra stato sistema senza crash","duration":2498.4377999999997,"failureMessages":[],"meta":{}},{"ancestorTitles":["CLI — health"],"fullName":"CLI — health jht health mostra health check con moduli","status":"passed","title":"jht health mostra health check con moduli","duration":1145.2038999999995,"failureMessages":[],"meta":{}},{"ancestorTitles":["CLI — team list"],"fullName":"CLI — team list jht team list mostra agenti disponibili","status":"passed","title":"jht team list mostra agenti disponibili","duration":940.1380000000008,"failureMessages":[],"meta":{}},{"ancestorTitles":["CLI — export"],"fullName":"CLI — export export sorgente invalida mostra errore","status":"passed","title":"export sorgente invalida mostra errore","duration":801.012999999999,"failureMessages":[],"meta":{}},{"ancestorTitles":["CLI — export"],"fullName":"CLI — export export sessions produce file JSON","status":"passed","title":"export sessions produce file JSON","duration":780.8087999999989,"failureMessages":[],"meta":{}},{"ancestorTitles":["CLI — export"],"fullName":"CLI — export export tasks produce file JSON con task","status":"passed","title":"export tasks produce file JSON con task","duration":795.4549000000006,"failureMessages":[],"meta":{}},{"ancestorTitles":["CLI — import"],"fullName":"CLI — import import senza --target mostra errore","status":"passed","title":"import senza --target mostra errore","duration":677.5879999999997,"failureMessages":[],"meta":{}},{"ancestorTitles":["CLI — import"],"fullName":"CLI — import import file inesistente mostra errore","status":"passed","title":"import file inesistente mostra errore","duration":618.1114999999991,"failureMessages":[],"meta":{}},{"ancestorTitles":["CLI — import"],"fullName":"CLI — import import --dry-run valida senza modificare","status":"passed","title":"import --dry-run valida senza modificare","duration":635.4282000000003,"failureMessages":[],"meta":{}},{"ancestorTitles":["CLI — export/import round-trip"],"fullName":"CLI — export/import round-trip export → import round-trip mantiene i dati","status":"passed","title":"export → import round-trip mantiene i dati","duration":1352.139000000001,"failureMessages":[],"meta":{}}],"startTime":1775665434232,"endTime":1775665446890.139,"status":"passed","message":"","name":"C:/Users/leone.puglisi/repos/job-hunter-team/tests/js/tasks/cli-e2e.test.ts"},{"assertionResults":[{"ancestorTitles":["Schema — defaults e campi opzionali"],"fullName":"Schema — defaults e campi opzionali version default a 1 quando omesso","status":"passed","title":"version default a 1 quando omesso","duration":6.158800000000156,"failureMessages":[],"meta":{}},{"ancestorTitles":["Schema — defaults e campi opzionali"],"fullName":"Schema — defaults e campi opzionali channels default a {} quando omesso","status":"passed","title":"channels default a {} quando omesso","duration":1.8114000000000487,"failureMessages":[],"meta":{}},{"ancestorTitles":["Schema — defaults e campi opzionali"],"fullName":"Schema — defaults e campi opzionali version esplicita sovrascrive default","status":"passed","title":"version esplicita sovrascrive default","duration":1.0996000000000095,"failureMessages":[],"meta":{}},{"ancestorTitles":["Schema — defaults e campi opzionali"],"fullName":"Schema — defaults e campi opzionali AIProviderSchema accetta campo model opzionale","status":"passed","title":"AIProviderSchema accetta campo model opzionale","duration":0.3997999999996864,"failureMessages":[],"meta":{}},{"ancestorTitles":["Schema — TelegramChannelSchema edge cases"],"fullName":"Schema — TelegramChannelSchema edge cases accetta webhook_url valido","status":"passed","title":"accetta webhook_url valido","duration":1.0665000000003602,"failureMessages":[],"meta":{}},{"ancestorTitles":["Schema — TelegramChannelSchema edge cases"],"fullName":"Schema — TelegramChannelSchema edge cases rifiuta webhook_url non valido","status":"passed","title":"rifiuta webhook_url non valido","duration":2.1734999999998763,"failureMessages":[],"meta":{}},{"ancestorTitles":["Schema — TelegramChannelSchema edge cases"],"fullName":"Schema — TelegramChannelSchema edge cases accetta chat_id opzionale","status":"passed","title":"accetta chat_id opzionale","duration":0.4740999999999076,"failureMessages":[],"meta":{}},{"ancestorTitles":["Schema — multi-provider e refine"],"fullName":"Schema — multi-provider e refine config con multipli provider e active corretto","status":"passed","title":"config con multipli provider e active corretto","duration":0.5282999999999447,"failureMessages":[],"meta":{}},{"ancestorTitles":["Schema — multi-provider e refine"],"fullName":"Schema — multi-provider e refine rifiuta active_provider senza config nei providers","status":"passed","title":"rifiuta active_provider senza config nei providers","duration":0.9692000000000007,"failureMessages":[],"meta":{}},{"ancestorTitles":["Schema — multi-provider e refine"],"fullName":"Schema — multi-provider e refine rifiuta version decimale (deve essere int)","status":"passed","title":"rifiuta version decimale (deve essere int)","duration":1.1801000000000386,"failureMessages":[],"meta":{}},{"ancestorTitles":["Schema — multi-provider e refine"],"fullName":"Schema — multi-provider e refine rifiuta version negativa","status":"passed","title":"rifiuta version negativa","duration":0.8096999999997934,"failureMessages":[],"meta":{}},{"ancestorTitles":["validateConfig — tipi errati"],"fullName":"validateConfig — tipi errati rifiuta null","status":"passed","title":"rifiuta null","duration":0.42550000000028376,"failureMessages":[],"meta":{}},{"ancestorTitles":["validateConfig — tipi errati"],"fullName":"validateConfig — tipi errati rifiuta stringa","status":"passed","title":"rifiuta stringa","duration":0.33619999999973516,"failureMessages":[],"meta":{}},{"ancestorTitles":["validateConfig — tipi errati"],"fullName":"validateConfig — tipi errati rifiuta array","status":"passed","title":"rifiuta array","duration":0.3137000000001535,"failureMessages":[],"meta":{}},{"ancestorTitles":["validateConfig — tipi errati"],"fullName":"validateConfig — tipi errati rifiuta numero","status":"passed","title":"rifiuta numero","duration":0.2899999999999636,"failureMessages":[],"meta":{}},{"ancestorTitles":["validateConfig — tipi errati"],"fullName":"validateConfig — tipi errati rifiuta oggetto vuoto","status":"passed","title":"rifiuta oggetto vuoto","duration":0.8413000000000466,"failureMessages":[],"meta":{}},{"ancestorTitles":["redactConfig — struttura completa"],"fullName":"redactConfig — struttura completa maschera tutti i campi sensibili in config reale","status":"passed","title":"maschera tutti i campi sensibili in config reale","duration":0.6446999999998297,"failureMessages":[],"meta":{}},{"ancestorTitles":["redactConfig — struttura completa"],"fullName":"redactConfig — struttura completa maschera session_token in subscription","status":"passed","title":"maschera session_token in subscription","duration":0.3220000000001164,"failureMessages":[],"meta":{}}],"startTime":1775665435729,"endTime":1775665435750.6448,"status":"passed","message":"","name":"C:/Users/leone.puglisi/repos/job-hunter-team/tests/js/tasks/config.test.ts"},{"assertionResults":[{"ancestorTitles":["token estimation — chars/4, overhead, sezioni"],"fullName":"token estimation — chars/4, overhead, sezioni estimateTokens: 1 token per 4 chars","status":"passed","title":"estimateTokens: 1 token per 4 chars","duration":2.4616000000000895,"failureMessages":[],"meta":{}},{"ancestorTitles":["token estimation — chars/4, overhead, sezioni"],"fullName":"token estimation — chars/4, overhead, sezioni estimateMessageTokens: content tokens + 4 overhead","status":"passed","title":"estimateMessageTokens: content tokens + 4 overhead","duration":0.5652000000000044,"failureMessages":[],"meta":{}},{"ancestorTitles":["token estimation — chars/4, overhead, sezioni"],"fullName":"token estimation — chars/4, overhead, sezioni estimateSectionTokens: somma messaggi o usa cache","status":"passed","title":"estimateSectionTokens: somma messaggi o usa cache","duration":0.45640000000003056,"failureMessages":[],"meta":{}},{"ancestorTitles":["section builders — system, memory, tools, history"],"fullName":"section builders — system, memory, tools, history systemSection: priority required, role system","status":"passed","title":"systemSection: priority required, role system","duration":0.7082000000000335,"failureMessages":[],"meta":{}},{"ancestorTitles":["section builders — system, memory, tools, history"],"fullName":"section builders — system, memory, tools, history memorySection: priority high, formatta memorie; vuota → 0 messaggi","status":"passed","title":"memorySection: priority high, formatta memorie; vuota → 0 messaggi","duration":1.536200000000008,"failureMessages":[],"meta":{}},{"ancestorTitles":["section builders — system, memory, tools, history"],"fullName":"section builders — system, memory, tools, history toolsSection: priority medium, formatta tool","status":"passed","title":"toolsSection: priority medium, formatta tool","duration":0.4704999999999018,"failureMessages":[],"meta":{}},{"ancestorTitles":["section builders — system, memory, tools, history"],"fullName":"section builders — system, memory, tools, history historySection: priority high, passa messaggi","status":"passed","title":"historySection: priority high, passa messaggi","duration":0.4234000000001288,"failureMessages":[],"meta":{}},{"ancestorTitles":["assembleContext — budget, priorità, troncamento"],"fullName":"assembleContext — budget, priorità, troncamento sezioni required sempre incluse","status":"passed","title":"sezioni required sempre incluse","duration":1.3897999999999229,"failureMessages":[],"meta":{}},{"ancestorTitles":["assembleContext — budget, priorità, troncamento"],"fullName":"assembleContext — budget, priorità, troncamento sezione low droppata quando budget esaurito da required+high","status":"passed","title":"sezione low droppata quando budget esaurito da required+high","duration":1.1978999999998905,"failureMessages":[],"meta":{}},{"ancestorTitles":["assembleContext — budget, priorità, troncamento"],"fullName":"assembleContext — budget, priorità, troncamento priorità rispettata: required > high > medium > low","status":"passed","title":"priorità rispettata: required > high > medium > low","duration":0.6970999999998639,"failureMessages":[],"meta":{}},{"ancestorTitles":["assembleContext — budget, priorità, troncamento"],"fullName":"assembleContext — budget, priorità, troncamento sezione con <50 token disponibili droppata","status":"passed","title":"sezione con <50 token disponibili droppata","duration":0.6104000000000269,"failureMessages":[],"meta":{}},{"ancestorTitles":["assembleContext — budget, priorità, troncamento"],"fullName":"assembleContext — budget, priorità, troncamento lista vuota → risultato vuoto","status":"passed","title":"lista vuota → risultato vuoto","duration":0.4048999999999978,"failureMessages":[],"meta":{}},{"ancestorTitles":["assembleContext — budget, priorità, troncamento"],"fullName":"assembleContext — budget, priorità, troncamento troncamento: messaggi vecchi rimossi, recenti mantenuti","status":"passed","title":"troncamento: messaggi vecchi rimossi, recenti mantenuti","duration":0.7201999999999771,"failureMessages":[],"meta":{}},{"ancestorTitles":["compactContext — soglia, compaction, force"],"fullName":"compactContext — soglia, compaction, force sotto soglia 80% → nessuna compaction","status":"passed","title":"sotto soglia 80% → nessuna compaction","duration":0.761600000000044,"failureMessages":[],"meta":{}},{"ancestorTitles":["compactContext — soglia, compaction, force"],"fullName":"compactContext — soglia, compaction, force sopra soglia → compatta con localSummarize","status":"passed","title":"sopra soglia → compatta con localSummarize","duration":1.0531000000000859,"failureMessages":[],"meta":{}},{"ancestorTitles":["compactContext — soglia, compaction, force"],"fullName":"compactContext — soglia, compaction, force force=true compatta anche sotto soglia","status":"passed","title":"force=true compatta anche sotto soglia","duration":0.5385000000001128,"failureMessages":[],"meta":{}},{"ancestorTitles":["compactContext — soglia, compaction, force"],"fullName":"compactContext — soglia, compaction, force <=2 messaggi → niente da compattare","status":"passed","title":"<=2 messaggi → niente da compattare","duration":0.2561000000000604,"failureMessages":[],"meta":{}},{"ancestorTitles":["compactContext — soglia, compaction, force"],"fullName":"compactContext — soglia, compaction, force summarizeFn custom usata al posto di localSummarize","status":"passed","title":"summarizeFn custom usata al posto di localSummarize","duration":0.41830000000004475,"failureMessages":[],"meta":{}},{"ancestorTitles":["context engine registry — CRUD e resolve"],"fullName":"context engine registry — CRUD e resolve register, list, unregister, getFactory","status":"passed","title":"register, list, unregister, getFactory","duration":0.7683999999999287,"failureMessages":[],"meta":{}},{"ancestorTitles":["context engine registry — CRUD e resolve"],"fullName":"context engine registry — CRUD e resolve registrazione duplicata → ok=false","status":"passed","title":"registrazione duplicata → ok=false","duration":0.37999999999988177,"failureMessages":[],"meta":{}},{"ancestorTitles":["context engine registry — CRUD e resolve"],"fullName":"context engine registry — CRUD e resolve resolveContextEngine auto-registra default","status":"passed","title":"resolveContextEngine auto-registra default","duration":0.7024999999998727,"failureMessages":[],"meta":{}},{"ancestorTitles":["context engine registry — CRUD e resolve"],"fullName":"context engine registry — CRUD e resolve DefaultContextEngine.assemble delega ad assembleContext","status":"passed","title":"DefaultContextEngine.assemble delega ad assembleContext","duration":0.5353000000000065,"failureMessages":[],"meta":{}}],"startTime":1775665419823,"endTime":1775665419842.5354,"status":"passed","message":"","name":"C:/Users/leone.puglisi/repos/job-hunter-team/tests/js/tasks/context-engine.test.ts"},{"assertionResults":[{"ancestorTitles":["Crypto — deriveKey e generateSalt"],"fullName":"Crypto — deriveKey e generateSalt generateSalt produce 32 byte random","status":"passed","title":"generateSalt produce 32 byte random","duration":3.016399999999976,"failureMessages":[],"meta":{}},{"ancestorTitles":["Crypto — deriveKey e generateSalt"],"fullName":"Crypto — deriveKey e generateSalt salt diversi ogni volta","status":"passed","title":"salt diversi ogni volta","duration":0.7762000000000171,"failureMessages":[],"meta":{}},{"ancestorTitles":["Crypto — deriveKey e generateSalt"],"fullName":"Crypto — deriveKey e generateSalt deriveKey produce chiave 32 byte da passphrase + salt","status":"passed","title":"deriveKey produce chiave 32 byte da passphrase + salt","duration":135.38599999999997,"failureMessages":[],"meta":{}},{"ancestorTitles":["Crypto — deriveKey e generateSalt"],"fullName":"Crypto — deriveKey e generateSalt stessa passphrase + stesso salt = stessa chiave","status":"passed","title":"stessa passphrase + stesso salt = stessa chiave","duration":411.6907000000001,"failureMessages":[],"meta":{}},{"ancestorTitles":["Crypto — deriveKey e generateSalt"],"fullName":"Crypto — deriveKey e generateSalt passphrase diverse = chiavi diverse","status":"passed","title":"passphrase diverse = chiavi diverse","duration":450.1609999999996,"failureMessages":[],"meta":{}},{"ancestorTitles":["Crypto — encrypt / decrypt AES-256-GCM"],"fullName":"Crypto — encrypt / decrypt AES-256-GCM encrypt ritorna payload con version, algorithm, iv, authTag, data","status":"passed","title":"encrypt ritorna payload con version, algorithm, iv, authTag, data","duration":7.409099999999853,"failureMessages":[],"meta":{}},{"ancestorTitles":["Crypto — encrypt / decrypt AES-256-GCM"],"fullName":"Crypto — encrypt / decrypt AES-256-GCM decrypt ripristina oggetto originale","status":"passed","title":"decrypt ripristina oggetto originale","duration":31.01419999999962,"failureMessages":[],"meta":{}},{"ancestorTitles":["Crypto — encrypt / decrypt AES-256-GCM"],"fullName":"Crypto — encrypt / decrypt AES-256-GCM encrypt produce IV diverso per ogni chiamata","status":"passed","title":"encrypt produce IV diverso per ogni chiamata","duration":7.9167999999999665,"failureMessages":[],"meta":{}},{"ancestorTitles":["Crypto — encrypt / decrypt AES-256-GCM"],"fullName":"Crypto — encrypt / decrypt AES-256-GCM decrypt con chiave sbagliata lancia errore","status":"passed","title":"decrypt con chiave sbagliata lancia errore","duration":263.9713999999999,"failureMessages":[],"meta":{}},{"ancestorTitles":["Crypto — encrypt / decrypt AES-256-GCM"],"fullName":"Crypto — encrypt / decrypt AES-256-GCM decrypt con authTag corrotto lancia errore","status":"passed","title":"decrypt con authTag corrotto lancia errore","duration":11.921599999999671,"failureMessages":[],"meta":{}},{"ancestorTitles":["Crypto — encrypt / decrypt AES-256-GCM"],"fullName":"Crypto — encrypt / decrypt AES-256-GCM decrypt con data corrotto lancia errore","status":"passed","title":"decrypt con data corrotto lancia errore","duration":1.9259999999999309,"failureMessages":[],"meta":{}},{"ancestorTitles":["Crypto — encrypt / decrypt AES-256-GCM"],"fullName":"Crypto — encrypt / decrypt AES-256-GCM decrypt con versione non supportata lancia errore","status":"passed","title":"decrypt con versione non supportata lancia errore","duration":0.897899999999936,"failureMessages":[],"meta":{}},{"ancestorTitles":["Crypto — encrypt / decrypt AES-256-GCM"],"fullName":"Crypto — encrypt / decrypt AES-256-GCM encrypt/decrypt gestisce strutture complesse","status":"passed","title":"encrypt/decrypt gestisce strutture complesse","duration":0.7029999999999745,"failureMessages":[],"meta":{}},{"ancestorTitles":["Crypto — isValidPayload"],"fullName":"Crypto — isValidPayload valida payload corretto","status":"passed","title":"valida payload corretto","duration":219.78819999999996,"failureMessages":[],"meta":{}},{"ancestorTitles":["Crypto — isValidPayload"],"fullName":"Crypto — isValidPayload rifiuta null, undefined, primitivi","status":"passed","title":"rifiuta null, undefined, primitivi","duration":0.5014999999998508,"failureMessages":[],"meta":{}},{"ancestorTitles":["Crypto — isValidPayload"],"fullName":"Crypto — isValidPayload rifiuta oggetto con campi mancanti","status":"passed","title":"rifiuta oggetto con campi mancanti","duration":0.34389999999984866,"failureMessages":[],"meta":{}},{"ancestorTitles":["Crypto — isValidPayload"],"fullName":"Crypto — isValidPayload rifiuta versione o algoritmo errati","status":"passed","title":"rifiuta versione o algoritmo errati","duration":0.3447999999998501,"failureMessages":[],"meta":{}},{"ancestorTitles":["Types — costanti e set provider"],"fullName":"Types — costanti e set provider ENV_VAR_MAP mappa tutti i provider API key","status":"passed","title":"ENV_VAR_MAP mappa tutti i provider API key","duration":0.41329999999970823,"failureMessages":[],"meta":{}},{"ancestorTitles":["Types — costanti e set provider"],"fullName":"Types — costanti e set provider ALL_PROVIDERS contiene API key + OAuth","status":"passed","title":"ALL_PROVIDERS contiene API key + OAuth","duration":0.5094000000003689,"failureMessages":[],"meta":{}}],"startTime":1775665433845,"endTime":1775665435407.5095,"status":"passed","message":"","name":"C:/Users/leone.puglisi/repos/job-hunter-team/tests/js/tasks/credentials.test.ts"},{"assertionResults":[{"ancestorTitles":["parseAbsoluteTimeMs"],"fullName":"parseAbsoluteTimeMs accetta numero positivo finito","status":"passed","title":"accetta numero positivo finito","duration":2.5208000000000084,"failureMessages":[],"meta":{}},{"ancestorTitles":["parseAbsoluteTimeMs"],"fullName":"parseAbsoluteTimeMs rifiuta numero negativo, NaN, Infinity","status":"passed","title":"rifiuta numero negativo, NaN, Infinity","duration":0.717200000000048,"failureMessages":[],"meta":{}},{"ancestorTitles":["parseAbsoluteTimeMs"],"fullName":"parseAbsoluteTimeMs parsa stringa ISO 8601","status":"passed","title":"parsa stringa ISO 8601","duration":0.45039999999994507,"failureMessages":[],"meta":{}},{"ancestorTitles":["parseAbsoluteTimeMs"],"fullName":"parseAbsoluteTimeMs rifiuta stringa non valida e tipi errati","status":"passed","title":"rifiuta stringa non valida e tipi errati","duration":0.3408999999999196,"failureMessages":[],"meta":{}},{"ancestorTitles":["computeNextRunAtMs — schedule 'at'"],"fullName":"computeNextRunAtMs — schedule 'at' ritorna timestamp futuro","status":"passed","title":"ritorna timestamp futuro","duration":6.844299999999976,"failureMessages":[],"meta":{}},{"ancestorTitles":["computeNextRunAtMs — schedule 'at'"],"fullName":"computeNextRunAtMs — schedule 'at' ritorna undefined per timestamp passato","status":"passed","title":"ritorna undefined per timestamp passato","duration":0.5767000000000735,"failureMessages":[],"meta":{}},{"ancestorTitles":["computeNextRunAtMs — schedule 'at'"],"fullName":"computeNextRunAtMs — schedule 'at' ritorna undefined per valore non parsabile","status":"passed","title":"ritorna undefined per valore non parsabile","duration":0.29330000000004475,"failureMessages":[],"meta":{}},{"ancestorTitles":["computeNextRunAtMs — schedule 'every'"],"fullName":"computeNextRunAtMs — schedule 'every' calcola prossimo intervallo > now","status":"passed","title":"calcola prossimo intervallo > now","duration":0.39000000000010004,"failureMessages":[],"meta":{}},{"ancestorTitles":["computeNextRunAtMs — schedule 'every'"],"fullName":"computeNextRunAtMs — schedule 'every' con anchor nel futuro ritorna anchor","status":"passed","title":"con anchor nel futuro ritorna anchor","duration":0.4860000000001037,"failureMessages":[],"meta":{}},{"ancestorTitles":["computeNextRunAtMs — schedule 'every'"],"fullName":"computeNextRunAtMs — schedule 'every' ritorna undefined per everyMs NaN","status":"passed","title":"ritorna undefined per everyMs NaN","duration":0.31720000000018445,"failureMessages":[],"meta":{}},{"ancestorTitles":["computeNextRunAtMs — schedule 'cron'"],"fullName":"computeNextRunAtMs — schedule 'cron' calcola prossima esecuzione per '* * * * *'","status":"passed","title":"calcola prossima esecuzione per '* * * * *'","duration":32.684099999999944,"failureMessages":[],"meta":{}},{"ancestorTitles":["computeNextRunAtMs — schedule 'cron'"],"fullName":"computeNextRunAtMs — schedule 'cron' ritorna undefined per espressione vuota","status":"passed","title":"ritorna undefined per espressione vuota","duration":0.3242000000000189,"failureMessages":[],"meta":{}},{"ancestorTitles":["computePreviousRunAtMs"],"fullName":"computePreviousRunAtMs ritorna undefined per schedule non-cron","status":"passed","title":"ritorna undefined per schedule non-cron","duration":0.39009999999984757,"failureMessages":[],"meta":{}},{"ancestorTitles":["computePreviousRunAtMs"],"fullName":"computePreviousRunAtMs ritorna undefined per espressione cron vuota","status":"passed","title":"ritorna undefined per espressione cron vuota","duration":0.15769999999997708,"failureMessages":[],"meta":{}},{"ancestorTitles":["createJob"],"fullName":"createJob genera id UUID, timestamp e state","status":"passed","title":"genera id UUID, timestamp e state","duration":1.1616999999998825,"failureMessages":[],"meta":{}},{"ancestorTitles":["createJob"],"fullName":"createJob enabled false non calcola nextRunAtMs","status":"passed","title":"enabled false non calcola nextRunAtMs","duration":0.4170000000001437,"failureMessages":[],"meta":{}},{"ancestorTitles":["applyJobPatch"],"fullName":"applyJobPatch aggiorna nome, descrizione e updatedAtMs","status":"passed","title":"aggiorna nome, descrizione e updatedAtMs","duration":0.6621999999999844,"failureMessages":[],"meta":{}},{"ancestorTitles":["applyJobPatch"],"fullName":"applyJobPatch disabilitare rimuove nextRunAtMs e runningAtMs","status":"passed","title":"disabilitare rimuove nextRunAtMs e runningAtMs","duration":0.37010000000009313,"failureMessages":[],"meta":{}},{"ancestorTitles":["isJobEnabled / isJobDue"],"fullName":"isJobEnabled / isJobDue isJobEnabled riflette campo enabled","status":"passed","title":"isJobEnabled riflette campo enabled","duration":0.2887000000000626,"failureMessages":[],"meta":{}},{"ancestorTitles":["isJobEnabled / isJobDue"],"fullName":"isJobEnabled / isJobDue isJobDue true quando abilitato e nextRun <= now","status":"passed","title":"isJobDue true quando abilitato e nextRun <= now","duration":0.2477000000001226,"failureMessages":[],"meta":{}},{"ancestorTitles":["isJobEnabled / isJobDue"],"fullName":"isJobEnabled / isJobDue isJobDue false quando disabilitato o running","status":"passed","title":"isJobDue false quando disabilitato o running","duration":0.21460000000001855,"failureMessages":[],"meta":{}},{"ancestorTitles":["isJobEnabled / isJobDue"],"fullName":"isJobEnabled / isJobDue isJobDue true con forced anche se non due","status":"passed","title":"isJobDue true con forced anche se non due","duration":0.17599999999993088,"failureMessages":[],"meta":{}},{"ancestorTitles":["recomputeNextRuns / nextWakeAtMs"],"fullName":"recomputeNextRuns / nextWakeAtMs recompute aggiorna nextRunAtMs e ritorna changed","status":"passed","title":"recompute aggiorna nextRunAtMs e ritorna changed","duration":0.79099999999994,"failureMessages":[],"meta":{}},{"ancestorTitles":["recomputeNextRuns / nextWakeAtMs"],"fullName":"recomputeNextRuns / nextWakeAtMs nextWakeAtMs trova il timestamp piu' vicino","status":"passed","title":"nextWakeAtMs trova il timestamp piu' vicino","duration":0.5563999999999396,"failureMessages":[],"meta":{}},{"ancestorTitles":["recomputeNextRuns / nextWakeAtMs"],"fullName":"recomputeNextRuns / nextWakeAtMs nextWakeAtMs ritorna null per array vuoto","status":"passed","title":"nextWakeAtMs ritorna null per array vuoto","duration":0.3207999999999629,"failureMessages":[],"meta":{}}],"startTime":1775665426856,"endTime":1775665426910.3208,"status":"passed","message":"","name":"C:/Users/leone.puglisi/repos/job-hunter-team/tests/js/tasks/cron.test.ts"},{"assertionResults":[{"ancestorTitles":["install.sh — argument parsing"],"fullName":"install.sh — argument parsing --help esce con codice 0 e mostra usage","status":"passed","title":"--help esce con codice 0 e mostra usage","duration":834.2355000000002,"failureMessages":[],"meta":{}},{"ancestorTitles":["install.sh — argument parsing"],"fullName":"install.sh — argument parsing senza --name esce con errore","status":"passed","title":"senza --name esce con errore","duration":892.4920999999999,"failureMessages":[],"meta":{}},{"ancestorTitles":["install.sh — argument parsing"],"fullName":"install.sh — argument parsing senza --cmd esce con errore","status":"passed","title":"senza --cmd esce con errore","duration":780.3675999999996,"failureMessages":[],"meta":{}},{"ancestorTitles":["install.sh — argument parsing"],"fullName":"install.sh — argument parsing opzione sconosciuta esce con errore","status":"passed","title":"opzione sconosciuta esce con errore","duration":886.3195000000001,"failureMessages":[],"meta":{}},{"ancestorTitles":["install.sh — template plist macOS"],"fullName":"install.sh — template plist macOS contiene template plist con Label, RunAtLoad, KeepAlive","status":"passed","title":"contiene template plist con Label, RunAtLoad, KeepAlive","duration":0.5527000000001863,"failureMessages":[],"meta":{}},{"ancestorTitles":["install.sh — template plist macOS"],"fullName":"install.sh — template plist macOS plist usa ProgramArguments con /bin/bash -c","status":"passed","title":"plist usa ProgramArguments con /bin/bash -c","duration":0.6692000000002736,"failureMessages":[],"meta":{}},{"ancestorTitles":["install.sh — template plist macOS"],"fullName":"install.sh — template plist macOS plist configura StandardOutPath e StandardErrorPath","status":"passed","title":"plist configura StandardOutPath e StandardErrorPath","duration":0.27369999999973516,"failureMessages":[],"meta":{}},{"ancestorTitles":["install.sh — template plist macOS"],"fullName":"install.sh — template plist macOS plist usa label com.jht.SERVICE_NAME","status":"passed","title":"plist usa label com.jht.SERVICE_NAME","duration":0.2033000000001266,"failureMessages":[],"meta":{}},{"ancestorTitles":["install.sh — template plist macOS"],"fullName":"install.sh — template plist macOS plist include EnvironmentVariables se EXTRA_ENV non vuoto","status":"passed","title":"plist include EnvironmentVariables se EXTRA_ENV non vuoto","duration":0.4519000000000233,"failureMessages":[],"meta":{}},{"ancestorTitles":["install.sh — template systemd Linux"],"fullName":"install.sh — template systemd Linux contiene unit systemd con sezioni Unit/Service/Install","status":"passed","title":"contiene unit systemd con sezioni Unit/Service/Install","duration":0.32930000000033033,"failureMessages":[],"meta":{}},{"ancestorTitles":["install.sh — template systemd Linux"],"fullName":"install.sh — template systemd Linux systemd usa Restart=always e RestartSec","status":"passed","title":"systemd usa Restart=always e RestartSec","duration":0.26409999999941647,"failureMessages":[],"meta":{}},{"ancestorTitles":["install.sh — template systemd Linux"],"fullName":"install.sh — template systemd Linux systemd dipende da network-online.target","status":"passed","title":"systemd dipende da network-online.target","duration":0.19809999999961292,"failureMessages":[],"meta":{}},{"ancestorTitles":["install.sh — template systemd Linux"],"fullName":"install.sh — template systemd Linux systemd WantedBy=default.target per servizio utente","status":"passed","title":"systemd WantedBy=default.target per servizio utente","duration":0.15579999999954453,"failureMessages":[],"meta":{}},{"ancestorTitles":["install.sh — platform detection"],"fullName":"install.sh — platform detection dispatch per Darwin e Linux con fallback errore","status":"passed","title":"dispatch per Darwin e Linux con fallback errore","duration":0.2717000000002372,"failureMessages":[],"meta":{}},{"ancestorTitles":["uninstall.sh — argument parsing"],"fullName":"uninstall.sh — argument parsing --help esce con codice 0 e mostra usage","status":"passed","title":"--help esce con codice 0 e mostra usage","duration":1052.629,"failureMessages":[],"meta":{}},{"ancestorTitles":["uninstall.sh — argument parsing"],"fullName":"uninstall.sh — argument parsing senza --name esce con errore","status":"passed","title":"senza --name esce con errore","duration":835.7838000000002,"failureMessages":[],"meta":{}},{"ancestorTitles":["uninstall.sh — argument parsing"],"fullName":"uninstall.sh — argument parsing opzione sconosciuta esce con errore","status":"passed","title":"opzione sconosciuta esce con errore","duration":816.8083999999999,"failureMessages":[],"meta":{}},{"ancestorTitles":["uninstall.sh — struttura e pulizia"],"fullName":"uninstall.sh — struttura e pulizia dispatch per Darwin e Linux con fallback errore","status":"passed","title":"dispatch per Darwin e Linux con fallback errore","duration":0.29579999999987194,"failureMessages":[],"meta":{}},{"ancestorTitles":["uninstall.sh — struttura e pulizia"],"fullName":"uninstall.sh — struttura e pulizia macOS sposta plist nel Cestino come fallback sicuro","status":"passed","title":"macOS sposta plist nel Cestino come fallback sicuro","duration":0.20509999999922002,"failureMessages":[],"meta":{}},{"ancestorTitles":["uninstall.sh — struttura e pulizia"],"fullName":"uninstall.sh — struttura e pulizia Linux esegue daemon-reload dopo rimozione unit","status":"passed","title":"Linux esegue daemon-reload dopo rimozione unit","duration":0.17000000000007276,"failureMessages":[],"meta":{}},{"ancestorTitles":["uninstall.sh — struttura e pulizia"],"fullName":"uninstall.sh — struttura e pulizia --purge-logs elimina i file .log e .err.log","status":"passed","title":"--purge-logs elimina i file .log e .err.log","duration":0.2096000000001368,"failureMessages":[],"meta":{}},{"ancestorTitles":["uninstall.sh — struttura e pulizia"],"fullName":"uninstall.sh — struttura e pulizia entrambi gli script usano set -euo pipefail","status":"passed","title":"entrambi gli script usano set -euo pipefail","duration":0.21199999999953434,"failureMessages":[],"meta":{}}],"startTime":1775665427555,"endTime":1775665433660.212,"status":"passed","message":"","name":"C:/Users/leone.puglisi/repos/job-hunter-team/tests/js/tasks/daemon.test.ts"},{"assertionResults":[{"ancestorTitles":["health-check — checkAll"],"fullName":"health-check — checkAll servizi raggiungibili ritornano ok=true","status":"passed","title":"servizi raggiungibili ritornano ok=true","duration":103.09249999999997,"failureMessages":[],"meta":{}},{"ancestorTitles":["health-check — checkAll"],"fullName":"health-check — checkAll HTTP 500 ritorna status error per il servizio","status":"passed","title":"HTTP 500 ritorna status error per il servizio","duration":1.3245999999999185,"failureMessages":[],"meta":{}},{"ancestorTitles":["health-check — checkAll"],"fullName":"health-check — checkAll fetch che lancia errore ritorna status error","status":"passed","title":"fetch che lancia errore ritorna status error","duration":1.518199999999979,"failureMessages":[],"meta":{}},{"ancestorTitles":["health-check — checkAll"],"fullName":"health-check — checkAll AbortError classificato come timeout","status":"passed","title":"AbortError classificato come timeout","duration":1.1123000000000047,"failureMessages":[],"meta":{}},{"ancestorTitles":["health-check — checkAll"],"fullName":"health-check — checkAll HTTP 404 considerato ok (< 500)","status":"passed","title":"HTTP 404 considerato ok (< 500)","duration":1.1515000000001692,"failureMessages":[],"meta":{}},{"ancestorTitles":["health-check — checkAll"],"fullName":"health-check — checkAll nessuna sessione tmux telegram → servizio error","status":"passed","title":"nessuna sessione tmux telegram → servizio error","duration":1.1716999999998734,"failureMessages":[],"meta":{}},{"ancestorTitles":["health-check — checkAll"],"fullName":"health-check — checkAll sessione JHT-BRIDGE riconosciuta come telegram attivo","status":"passed","title":"sessione JHT-BRIDGE riconosciuta come telegram attivo","duration":0.9239000000000033,"failureMessages":[],"meta":{}},{"ancestorTitles":["health-check — checkAll"],"fullName":"health-check — checkAll report contiene timestamp e durationMs",
[...]
ding \"Profili Candidato\", fetch /api/profiles","status":"passed","title":"/profiles: 'use client', heading \"Profili Candidato\", fetch /api/profiles","duration":1.9165000000002692,"failureMessages":[],"meta":{}},{"ancestorTitles":["pagine batch 6 — rendering e struttura"],"fullName":"pagine batch 6 — rendering e struttura /alerts: 'use client', heading \"Alert\", fetch /api/alerts","status":"passed","title":"/alerts: 'use client', heading \"Alert\", fetch /api/alerts","duration":2.1642000000001644,"failureMessages":[],"meta":{}},{"ancestorTitles":["pagine batch 6 — rendering e struttura"],"fullName":"pagine batch 6 — rendering e struttura /resume-builder: 'use client', heading \"Resume Builder\", fetch /api/resume","status":"passed","title":"/resume-builder: 'use client', heading \"Resume Builder\", fetch /api/resume","duration":1.5160000000000764,"failureMessages":[],"meta":{}}],"startTime":1775665421315,"endTime":1775665422070.516,"status":"passed","message":"","name":"C:/Users/leone.puglisi/repos/job-hunter-team/tests/js/tasks/web-pages-6.test.ts"},{"assertionResults":[{"ancestorTitles":["API contacts"],"fullName":"API contacts GET → contacts array + total","status":"passed","title":"GET → contacts array + total","duration":501.4031,"failureMessages":[],"meta":{}},{"ancestorTitles":["API contacts"],"fullName":"API contacts POST senza name → 400","status":"passed","title":"POST senza name → 400","duration":6.81860000000006,"failureMessages":[],"meta":{}},{"ancestorTitles":["API networking"],"fullName":"API networking GET → network, suggestions, totalContacts","status":"passed","title":"GET → network, suggestions, totalContacts","duration":90.01139999999987,"failureMessages":[],"meta":{}},{"ancestorTitles":["API calendar"],"fullName":"API calendar GET → events, month, total","status":"passed","title":"GET → events, month, total","duration":57.99420000000009,"failureMessages":[],"meta":{}},{"ancestorTitles":["API saved-searches"],"fullName":"API saved-searches GET → searches, withAlerts, totalNew","status":"passed","title":"GET → searches, withAlerts, totalNew","duration":104.77379999999994,"failureMessages":[],"meta":{}},{"ancestorTitles":["API automations"],"fullName":"API automations GET → automations, enabled, triggers, actions","status":"passed","title":"GET → automations, enabled, triggers, actions","duration":52.526600000000144,"failureMessages":[],"meta":{}},{"ancestorTitles":["API automations"],"fullName":"API automations PUT senza id/enabled → 400","status":"passed","title":"PUT senza id/enabled → 400","duration":1.95470000000023,"failureMessages":[],"meta":{}},{"ancestorTitles":["API database"],"fullName":"API database GET → tables, totalSizeKB, totalRows","status":"passed","title":"GET → tables, totalSizeKB, totalRows","duration":142.64649999999983,"failureMessages":[],"meta":{}},{"ancestorTitles":["API database"],"fullName":"API database POST non-SELECT → 403","status":"passed","title":"POST non-SELECT → 403","duration":2.4679000000000997,"failureMessages":[],"meta":{}},{"ancestorTitles":["Rendering pagine batch 7"],"fullName":"Rendering pagine batch 7 contacts: 'use client', heading \"Contatti\", fetch /api/contacts","status":"passed","title":"contacts: 'use client', heading \"Contatti\", fetch /api/contacts","duration":2.2916000000000167,"failureMessages":[],"meta":{}},{"ancestorTitles":["Rendering pagine batch 7"],"fullName":"Rendering pagine batch 7 networking: 'use client', heading \"Networking\", fetch /api/networking","status":"passed","title":"networking: 'use client', heading \"Networking\", fetch /api/networking","duration":3.0448999999998705,"failureMessages":[],"meta":{}},{"ancestorTitles":["Rendering pagine batch 7"],"fullName":"Rendering pagine batch 7 calendar: 'use client', heading \"Calendario\", fetch /api/calendar","status":"passed","title":"calendar: 'use client', heading \"Calendario\", fetch /api/calendar","duration":1.7254000000002634,"failureMessages":[],"meta":{}},{"ancestorTitles":["Rendering pagine batch 7"],"fullName":"Rendering pagine batch 7 saved-searches: 'use client', heading \"Ricerche Salvate\", fetch /api/saved-searches","status":"passed","title":"saved-searches: 'use client', heading \"Ricerche Salvate\", fetch /api/saved-searches","duration":1.651999999999589,"failureMessages":[],"meta":{}},{"ancestorTitles":["Rendering pagine batch 7"],"fullName":"Rendering pagine batch 7 automations: 'use client', heading \"Automazioni\", fetch /api/automations","status":"passed","title":"automations: 'use client', heading \"Automazioni\", fetch /api/automations","duration":3.340299999999843,"failureMessages":[],"meta":{}},{"ancestorTitles":["Rendering pagine batch 7"],"fullName":"Rendering pagine batch 7 database: 'use client', heading \"Database\", fetch /api/database","status":"passed","title":"database: 'use client', heading \"Database\", fetch /api/database","duration":1.7878000000000611,"failureMessages":[],"meta":{}}],"startTime":1775665432339,"endTime":1775665433316.7878,"status":"passed","message":"","name":"C:/Users/leone.puglisi/repos/job-hunter-team/tests/js/tasks/web-pages-7.test.ts"},{"assertionResults":[{"ancestorTitles":["API ai-assistant"],"fullName":"API ai-assistant GET → history array + suggestions","status":"passed","title":"GET → history array + suggestions","duration":496.1432,"failureMessages":[],"meta":{}},{"ancestorTitles":["API ai-assistant"],"fullName":"API ai-assistant POST senza message → 400","status":"passed","title":"POST senza message → 400","duration":9.899199999999837,"failureMessages":[],"meta":{}},{"ancestorTitles":["API ai-assistant"],"fullName":"API ai-assistant POST messaggio valido → reply string","status":"passed","title":"POST messaggio valido → reply string","duration":35.240099999999984,"failureMessages":[],"meta":{}},{"ancestorTitles":["API forum"],"fullName":"API forum GET → messages, total, authors","status":"passed","title":"GET → messages, total, authors","duration":8.24980000000005,"failureMessages":[],"meta":{}},{"ancestorTitles":["API activity"],"fullName":"API activity GET → items, total, page, pages","status":"passed","title":"GET → items, total, page, pages","duration":11.203199999999924,"failureMessages":[],"meta":{}},{"ancestorTitles":["API search"],"fullName":"API search GET q troppo corta → results vuoti","status":"passed","title":"GET q troppo corta → results vuoti","duration":11.228799999999865,"failureMessages":[],"meta":{}},{"ancestorTitles":["API search"],"fullName":"API search GET q valida → results array + total","status":"passed","title":"GET q valida → results array + total","duration":5.982099999999718,"failureMessages":[],"meta":{}},{"ancestorTitles":["API audit"],"fullName":"API audit GET → events array + total","status":"passed","title":"GET → events array + total","duration":8.022799999999734,"failureMessages":[],"meta":{}},{"ancestorTitles":["API audit"],"fullName":"API audit GET severity filter → 200","status":"passed","title":"GET severity filter → 200","duration":2.0248999999998887,"failureMessages":[],"meta":{}},{"ancestorTitles":["Rendering pagine batch 8"],"fullName":"Rendering pagine batch 8 ai-assistant: 'use client', heading \"AI Assistant\", fetch /api/ai-assistant","status":"passed","title":"ai-assistant: 'use client', heading \"AI Assistant\", fetch /api/ai-assistant","duration":2.0679000000000087,"failureMessages":[],"meta":{}},{"ancestorTitles":["Rendering pagine batch 8"],"fullName":"Rendering pagine batch 8 forum: 'use client', heading \"Forum\", fetch /api/forum","status":"passed","title":"forum: 'use client', heading \"Forum\", fetch /api/forum","duration":2.997200000000248,"failureMessages":[],"meta":{}},{"ancestorTitles":["Rendering pagine batch 8"],"fullName":"Rendering pagine batch 8 activity: 'use client', heading \"Attività\", fetch /api/activity","status":"passed","title":"activity: 'use client', heading \"Attività\", fetch /api/activity","duration":1.540400000000318,"failureMessages":[],"meta":{}},{"ancestorTitles":["Rendering pagine batch 8"],"fullName":"Rendering pagine batch 8 search: 'use client', heading \"Ricerca globale\", fetch /api/search","status":"passed","title":"search: 'use client', heading \"Ricerca globale\", fetch /api/search","duration":1.9522000000001754,"failureMessages":[],"meta":{}},{"ancestorTitles":["Rendering pagine batch 8"],"fullName":"Rendering pagine batch 8 docs: 'use client', heading \"Documentazione\"","status":"passed","title":"docs: 'use client', heading \"Documentazione\"","duration":1.4110000000000582,"failureMessages":[],"meta":{}},{"ancestorTitles":["Rendering pagine batch 8"],"fullName":"Rendering pagine batch 8 audit: 'use client', heading \"Audit Log\", fetch /api/audit","status":"passed","title":"audit: 'use client', heading \"Audit Log\", fetch /api/audit","duration":1.9434999999998581,"failureMessages":[],"meta":{}}],"startTime":1775665432743,"endTime":1775665433350.9436,"status":"passed","message":"","name":"C:/Users/leone.puglisi/repos/job-hunter-team/tests/js/tasks/web-pages-8.test.ts"},{"assertionResults":[{"ancestorTitles":["API goals"],"fullName":"API goals GET → goals array + summary (total, completed, onTrack, behind)","status":"passed","title":"GET → goals array + summary (total, completed, onTrack, behind)","duration":447.269,"failureMessages":[],"meta":{}},{"ancestorTitles":["API goals"],"fullName":"API goals POST senza title → 400","status":"passed","title":"POST senza title → 400","duration":3.7245000000000346,"failureMessages":[],"meta":{}},{"ancestorTitles":["API reminders"],"fullName":"API reminders GET → reminders + summary (pending, overdue, done)","status":"passed","title":"GET → reminders + summary (pending, overdue, done)","duration":46.40150000000017,"failureMessages":[],"meta":{}},{"ancestorTitles":["API reminders"],"fullName":"API reminders PUT senza id/status → 400","status":"passed","title":"PUT senza id/status → 400","duration":1.9118000000000848,"failureMessages":[],"meta":{}},{"ancestorTitles":["API onboarding"],"fullName":"API onboarding GET → stato onboarding (completed, skipped, stepsCompleted)","status":"passed","title":"GET → stato onboarding (completed, skipped, stepsCompleted)","duration":63.41560000000004,"failureMessages":[],"meta":{}},{"ancestorTitles":["API compare"],"fullName":"API compare GET senza ids → available array (id, title, company)","status":"passed","title":"GET senza ids → available array (id, title, company)","duration":64.5110000000002,"failureMessages":[],"meta":{}},{"ancestorTitles":["API compare"],"fullName":"API compare GET con <2 ids → 400","status":"passed","title":"GET con <2 ids → 400","duration":1.4773000000000138,"failureMessages":[],"meta":{}},{"ancestorTitles":["API recommendations"],"fullName":"API recommendations GET → jobs, companies, actions + updatedAt","status":"passed","title":"GET → jobs, companies, actions + updatedAt","duration":8.827899999999772,"failureMessages":[],"meta":{}},{"ancestorTitles":["API feedback"],"fullName":"API feedback GET → feedback array + summary (open, inProgress, resolved)","status":"passed","title":"GET → feedback array + summary (open, inProgress, resolved)","duration":452.3344000000002,"failureMessages":[],"meta":{}},{"ancestorTitles":["API feedback"],"fullName":"API feedback POST senza description → 400","status":"passed","title":"POST senza description → 400","duration":2.832499999999982,"failureMessages":[],"meta":{}},{"ancestorTitles":["Rendering pagine batch 9"],"fullName":"Rendering pagine batch 9 goals: 'use client', heading \"Obiettivi\", fetch /api/goals","status":"passed","title":"goals: 'use client', heading \"Obiettivi\", fetch /api/goals","duration":3.135899999999765,"failureMessages":[],"meta":{}},{"ancestorTitles":["Rendering pagine batch 9"],"fullName":"Rendering pagine batch 9 reminders: 'use client', heading \"Promemoria\", fetch /api/reminders","status":"passed","title":"reminders: 'use client', heading \"Promemoria\", fetch /api/reminders","duration":1.8726999999998952,"failureMessages":[],"meta":{}},{"ancestorTitles":["Rendering pagine batch 9"],"fullName":"Rendering pagine batch 9 onboarding: 'use client', heading \"Benvenuto\", fetch /api/onboarding","status":"passed","title":"onboarding: 'use client', heading \"Benvenuto\", fetch /api/onboarding","duration":1.7364000000002306,"failureMessages":[],"meta":{}},{"ancestorTitles":["Rendering pagine batch 9"],"fullName":"Rendering pagine batch 9 compare: 'use client', heading \"Confronto Candidature\", fetch /api/compare","status":"passed","title":"compare: 'use client', heading \"Confronto Candidature\", fetch /api/compare","duration":5.313599999999951,"failureMessages":[],"meta":{}},{"ancestorTitles":["Rendering pagine batch 9"],"fullName":"Rendering pagine batch 9 recommendations: 'use client', heading \"Raccomandazioni\", fetch /api/recommendations","status":"passed","title":"recommendations: 'use client', heading \"Raccomandazioni\", fetch /api/recommendations","duration":1.849500000000262,"failureMessages":[],"meta":{}},{"ancestorTitles":["Rendering pagine batch 9"],"fullName":"Rendering pagine batch 9 feedback: 'use client', heading \"Feedback\", fetch /api/feedback","status":"passed","title":"feedback: 'use client', heading \"Feedback\", fetch /api/feedback","duration":2.757000000000062,"failureMessages":[],"meta":{}},{"ancestorTitles":["Rendering pagine batch 9"],"fullName":"Rendering pagine batch 9 cover-letters: 'use client', heading \"Cover Letter\", fetch /api/cover-letters","status":"passed","title":"cover-letters: 'use client', heading \"Cover Letter\", fetch /api/cover-letters","duration":2.817800000000261,"failureMessages":[],"meta":{}},{"ancestorTitles":["Rendering pagine batch 9"],"fullName":"Rendering pagine batch 9 resume-builder: 'use client', heading \"Resume Builder\", fetch /api/resume","status":"passed","title":"resume-builder: 'use client', heading \"Resume Builder\", fetch /api/resume","duration":3.3024999999997817,"failureMessages":[],"meta":{}}],"startTime":1775665427531,"endTime":1775665428648.3025,"status":"passed","message":"","name":"C:/Users/leone.puglisi/repos/job-hunter-team/tests/js/tasks/web-pages-9.test.ts"},{"assertionResults":[{"ancestorTitles":["API /api/monitoring — metriche e heartbeat"],"fullName":"API /api/monitoring — metriche e heartbeat GET → 200 con metrics, agents, alerts","status":"passed","title":"GET → 200 con metrics, agents, alerts","duration":563.4964,"failureMessages":[],"meta":{}},{"ancestorTitles":["API /api/monitoring — metriche e heartbeat"],"fullName":"API /api/monitoring — metriche e heartbeat GET ?section=history → 200 con array history","status":"passed","title":"GET ?section=history → 200 con array history","duration":1.8018999999999323,"failureMessages":[],"meta":{}},{"ancestorTitles":["API /api/monitoring — metriche e heartbeat"],"fullName":"API /api/monitoring — metriche e heartbeat POST heartbeat → 200 con ok e agentId","status":"passed","title":"POST heartbeat → 200 con ok e agentId","duration":2.1486999999999625,"failureMessages":[],"meta":{}},{"ancestorTitles":["API /api/monitoring — metriche e heartbeat"],"fullName":"API /api/monitoring — metriche e heartbeat POST threshold → 201","status":"passed","title":"POST threshold → 201","duration":1.6597999999999047,"failureMessages":[],"meta":{}},{"ancestorTitles":["API /api/monitoring — metriche e heartbeat"],"fullName":"API /api/monitoring — metriche e heartbeat POST heartbeat senza agentId → 400","status":"passed","title":"POST heartbeat senza agentId → 400","duration":1.7895000000000891,"failureMessages":[],"meta":{}},{"ancestorTitles":["API /api/scheduler — task queue"],"fullName":"API /api/scheduler — task queue GET → 200 con tasks array e stats","status":"passed","title":"GET → 200 con tasks array e stats","duration":81.56760000000008,"failureMessages":[],"meta":{}},{"ancestorTitles":["API /api/scheduler — task queue"],"fullName":"API /api/scheduler — task queue POST enqueue → 201 con task creato","status":"passed","title":"POST enqueue → 201 con task creato","duration":3.4419000000000324,"failureMessages":[],"meta":{}},{"ancestorTitles":["API /api/scheduler — task queue"],"fullName":"API /api/scheduler — task queue POST cancel senza id → 400","status":"passed","title":"POST cancel senza id → 400","duration":1.3532999999999902,"failureMessages":[],"meta":{}},{"ancestorTitles":["API /api/scheduler — task queue"],"fullName":"API /api/scheduler — task queue POST action invalida → 400","status":"passed","title":"POST action invalida → 400","duration":1.7097000000001117,"failureMessages":[],"meta":{}},{"ancestorTitles":["API /api/hooks — discovery workspace"],"fullName":"API /api/hooks — discovery workspace GET senza workspace configurato → 200 con hooks vuoti e errore","status":"passed","title":"GET senza workspace configurato → 200 con hooks vuoti e errore","duration":39.34889999999996,"failureMessages":[],"meta":{}},{"ancestorTitles":["API /api/backup — lista e validazione"],"fullName":"API /api/backup — lista e validazione GET → 200 con backups array e count","status":"passed","title":"GET → 200 con backups array e count","duration":39.86539999999991,"failureMessages":[],"meta":{}},{"ancestorTitles":["API /api/backup — lista e validazione"],"fullName":"API /api/backup — lista e validazione PATCH senza id → 400","status":"passed","title":"PATCH senza id → 400","duration":0.9971000000000458,"failureMessages":[],"meta":{}},{"ancestorTitles":["API /api/backup — lista e validazione"],"fullName":"API /api/backup — lista e validazione DELETE senza id → 400","status":"passed","title":"DELETE senza id → 400","duration":0.8109000000001743,"failureMessages":[],"meta":{}},{"ancestorTitles":["API /api/backup — lista e validazione"],"fullName":"API /api/backup — lista e validazione DELETE id inesistente → 404","status":"passed","title":"DELETE id inesistente → 404","duration":1.3847000000000662,"failureMessages":[],"meta":{}},{"ancestorTitles":["API /api/settings — configurazione"],"fullName":"API /api/settings — configurazione GET → 200 con exists e config","status":"passed","title":"GET → 200 con exists e config","duration":75.87529999999992,"failureMessages":[],"meta":{}},{"ancestorTitles":["pagine web — rendering e struttura"],"fullName":"pagine web — rendering e struttura /scheduler: 'use client', heading \"Scheduler\", fetch /api/scheduler","status":"passed","title":"/scheduler: 'use client', heading \"Scheduler\", fetch /api/scheduler","duration":1.488299999999981,"failureMessages":[],"meta":{}},{"ancestorTitles":["pagine web — rendering e struttura"],"fullName":"pagine web — rendering e struttura /hooks: 'use client', heading \"Hooks\", fetch /api/hooks","status":"passed","title":"/hooks: 'use client', heading \"Hooks\", fetch /api/hooks","duration":1.616700000000037,"failureMessages":[],"meta":{}},{"ancestorTitles":["pagine web — rendering e struttura"],"fullName":"pagine web — rendering e struttura /settings: 'use client', heading \"Impostazioni\", fetch /api/settings","status":"passed","title":"/settings: 'use client', heading \"Impostazioni\", fetch /api/settings","duration":1.779700000000048,"failureMessages":[],"meta":{}},{"ancestorTitles":["pagine web — rendering e struttura"],"fullName":"pagine web — rendering e struttura /monitoring: 'use client', heading \"Monitoring\", fetch /api/monitoring","status":"passed","title":"/monitoring: 'use client', heading \"Monitoring\", fetch /api/monitoring","duration":2.282699999999977,"failureMessages":[],"meta":{}},{"ancestorTitles":["pagine web — rendering e struttura"],"fullName":"pagine web — rendering e struttura /backup: 'use client', heading \"Backup\", fetch /api/backup","status":"passed","title":"/backup: 'use client', heading \"Backup\", fetch /api/backup","duration":1.5881999999999152,"failureMessages":[],"meta":{}}],"startTime":1775665422788,"endTime":1775665423616.5881,"status":"passed","message":"","name":"C:/Users/leone.puglisi/repos/job-hunter-team/tests/js/tasks/web-pages.test.ts"}]}